# JRE version: Java(TM) SE Runtime Environment (21.0.4+8) (build 21.0.4+8-LTS-274)
# Java VM: Java HotSpot(TM) 64-Bit Server VM (21.0.4+8-LTS-274, mixed mode, sharing, tiered, compressed oops, compressed class ptrs, g1 gc, windows-amd64)
GC Precious Log:
 CardTable entry size: 512
 Card Set container configuration: InlinePtr #cards 5 size 8 Array Of Cards #cards 12 size 40 Howl #buckets 4 coarsen threshold 1843 Howl Bitmap #cards 512 size 80 coarsen threshold 460 Card regions per heap region 1 cards per card region 2048
 CPUs: 4 total, 4 available
 Memory: 3933M
 Large Page Support: Disabled
 NUMA Support: Disabled
 Compressed Oops: Enabled (32-bit)
 Heap Region Size: 1M
 Heap Min Capacity: 8M
 Heap Initial Capacity: 62M
 Heap Max Capacity: 984M
 Pre-touch: Disabled
 Parallel Workers: 4
 Concurrent Workers: 1
 Concurrent Refinement Workers: 4
 Periodic GC: Disabled
Heap:
 garbage-first heap   total 58368K, used 45662K [0x00000000c2800000, 0x0000000100000000)
  region size 1024K, 17 young (17408K), 3 survivors (3072K)
 Metaspace       used 70490K, committed 71232K, reserved 1114112K
  class space    used 9810K, committed 10176K, reserved 1048576K
GC Heap History (20 events):
Event: 14.928 GC heap before
{Heap before GC invocations=7 (full 0):
 garbage-first heap   total 55296K, used 42809K [0x00000000c2800000, 0x0000000100000000)
  region size 1024K, 30 young (30720K), 4 survivors (4096K)
 Metaspace       used 32328K, committed 32832K, reserved 1114112K
  class space    used 4018K, committed 4224K, reserved 1048576K
}
Event: 14.942 GC heap after
{Heap after GC invocations=8 (full 0):
 garbage-first heap   total 55296K, used 19415K [0x00000000c2800000, 0x0000000100000000)
  region size 1024K, 3 young (3072K), 3 survivors (3072K)
 Metaspace       used 32328K, committed 32832K, reserved 1114112K
  class space    used 4018K, committed 4224K, reserved 1048576K
}
Event: 16.351 GC heap before
{Heap before GC invocations=8 (full 0):
 garbage-first heap   total 55296K, used 33751K [0x00000000c2800000, 0x0000000100000000)
  region size 1024K, 18 young (18432K), 3 survivors (3072K)
 Metaspace       used 35506K, committed 36096K, reserved 1114112K
  class space    used 4442K, committed 4736K, reserved 1048576K
}
Event: 16.359 GC heap after
{Heap after GC invocations=9 (full 0):
 garbage-first heap   total 55296K, used 20750K [0x00000000c2800000, 0x0000000100000000)
  region size 1024K, 2 young (2048K), 2 survivors (2048K)
 Metaspace       used 35506K, committed 36096K, reserved 1114112K
  class space    used 4442K, committed 4736K, reserved 1048576K
}
Event: 18.448 GC heap before
{Heap before GC invocations=10 (full 0):
 garbage-first heap   total 55296K, used 45326K [0x00000000c2800000, 0x0000000100000000)
  region size 1024K, 27 young (27648K), 2 survivors (2048K)
 Metaspace       used 41922K, committed 42560K, reserved 1114112K
  class space    used 5496K, committed 5760K, reserved 1048576K
}
Event: 18.454 GC heap after
{Heap after GC invocations=11 (full 0):
 garbage-first heap   total 55296K, used 22057K [0x00000000c2800000, 0x0000000100000000)
  region size 1024K, 3 young (3072K), 3 survivors (3072K)
 Metaspace       used 41922K, committed 42560K, reserved 1114112K
  class space    used 5496K, committed 5760K, reserved 1048576K
}
Event: 22.481 GC heap before
{Heap before GC invocations=11 (full 0):
 garbage-first heap   total 55296K, used 46633K [0x00000000c2800000, 0x0000000100000000)
  region size 1024K, 28 young (28672K), 3 survivors (3072K)
 Metaspace       used 49488K, committed 50112K, reserved 1114112K
  class space    used 6562K, committed 6848K, reserved 1048576K
}
Event: 22.493 GC heap after
{Heap after GC invocations=12 (full 0):
 garbage-first heap   total 55296K, used 23089K [0x00000000c2800000, 0x0000000100000000)
  region size 1024K, 3 young (3072K), 3 survivors (3072K)
 Metaspace       used 49488K, committed 50112K, reserved 1114112K
  class space    used 6562K, committed 6848K, reserved 1048576K
}
Event: 24.079 GC heap before
{Heap before GC invocations=12 (full 0):
 garbage-first heap   total 55296K, used 46641K [0x00000000c2800000, 0x0000000100000000)
  region size 1024K, 27 young (27648K), 3 survivors (3072K)
 Metaspace       used 54917K, committed 55552K, reserved 1114112K
  class space    used 7434K, committed 7680K, reserved 1048576K
}
Event: 24.089 GC heap after
{Heap after GC invocations=13 (full 0):
 garbage-first heap   total 55296K, used 24348K [0x00000000c2800000, 0x0000000100000000)
  region size 1024K, 3 young (3072K), 3 survivors (3072K)
 Metaspace       used 54917K, committed 55552K, reserved 1114112K
  class space    used 7434K, committed 7680K, reserved 1048576K
}
Event: 25.478 GC heap before
{Heap before GC invocations=13 (full 0):
 garbage-first heap   total 55296K, used 45852K [0x00000000c2800000, 0x0000000100000000)
  region size 1024K, 25 young (25600K), 3 survivors (3072K)
 Metaspace       used 59365K, committed 60096K, reserved 1114112K
  class space    used 7989K, committed 8320K, reserved 1048576K
}
Event: 25.488 GC heap after
{Heap after GC invocations=14 (full 0):
 garbage-first heap   total 55296K, used 26846K [0x00000000c2800000, 0x0000000100000000)
  region size 1024K, 4 young (4096K), 4 survivors (4096K)
 Metaspace       used 59365K, committed 60096K, reserved 1114112K
  class space    used 7989K, committed 8320K, reserved 1048576K
}
Event: 25.525 GC heap before
{Heap before GC invocations=14 (full 0):
 garbage-first heap   total 55296K, used 26846K [0x00000000c2800000, 0x0000000100000000)
  region size 1024K, 5 young (5120K), 4 survivors (4096K)
 Metaspace       used 59627K, committed 60288K, reserved 1114112K
  class space    used 8036K, committed 8320K, reserved 1048576K
}
Event: 25.533 GC heap after
{Heap after GC invocations=15 (full 0):
 garbage-first heap   total 55296K, used 27238K [0x00000000c2800000, 0x0000000100000000)
  region size 1024K, 1 young (1024K), 1 survivors (1024K)
 Metaspace       used 59627K, committed 60288K, reserved 1114112K
  class space    used 8036K, committed 8320K, reserved 1048576K
}
Event: 26.516 GC heap before
{Heap before GC invocations=16 (full 0):
 garbage-first heap   total 55296K, used 48742K [0x00000000c2800000, 0x0000000100000000)
  region size 1024K, 23 young (23552K), 1 survivors (1024K)
 Metaspace       used 62519K, committed 63168K, reserved 1114112K
  class space    used 8711K, committed 9024K, reserved 1048576K
}
Event: 26.521 GC heap after
{Heap after GC invocations=17 (full 0):
 garbage-first heap   total 55296K, used 28437K [0x00000000c2800000, 0x0000000100000000)
  region size 1024K, 2 young (2048K), 2 survivors (2048K)
 Metaspace       used 62519K, committed 63168K, reserved 1114112K
  class space    used 8711K, committed 9024K, reserved 1048576K
}
Event: 27.787 GC heap before
{Heap before GC invocations=17 (full 0):
 garbage-first heap   total 55296K, used 48917K [0x00000000c2800000, 0x0000000100000000)
  region size 1024K, 22 young (22528K), 2 survivors (2048K)
 Metaspace       used 65458K, committed 66176K, reserved 1114112K
  class space    used 9094K, committed 9408K, reserved 1048576K
}
Event: 27.803 GC heap after
{Heap after GC invocations=18 (full 0):
 garbage-first heap   total 55296K, used 30209K [0x00000000c2800000, 0x0000000100000000)
  region size 1024K, 3 young (3072K), 3 survivors (3072K)
 Metaspace       used 65458K, committed 66176K, reserved 1114112K
  class space    used 9094K, committed 9408K, reserved 1048576K
}
Event: 28.809 GC heap before
{Heap before GC invocations=18 (full 0):
 garbage-first heap   total 55296K, used 46593K [0x00000000c2800000, 0x0000000100000000)
  region size 1024K, 19 young (19456K), 3 survivors (3072K)
 Metaspace       used 67445K, committed 68160K, reserved 1114112K
  class space    used 9388K, committed 9728K, reserved 1048576K
}
Event: 28.819 GC heap after
{Heap after GC invocations=19 (full 0):
 garbage-first heap   total 55296K, used 32350K [0x00000000c2800000, 0x0000000100000000)
  region size 1024K, 3 young (3072K), 3 survivors (3072K)
 Metaspace       used 67445K, committed 68160K, reserved 1114112K
  class space    used 9388K, committed 9728K, reserved 1048576K
}

