# JRE version: Java(TM) SE Runtime Environment (21.0.4+8) (build 21.0.4+8-LTS-274)
# Java VM: Java HotSpot(TM) 64-Bit Server VM (21.0.4+8-LTS-274, mixed mode, sharing, tiered, compressed oops, compressed class ptrs, g1 gc, windows-amd64)
GC Precious Log:
 CardTable entry size: 512
 Card Set container configuration: InlinePtr #cards 5 size 8 Array Of Cards #cards 12 size 40 Howl #buckets 4 coarsen threshold 1843 Howl Bitmap #cards 512 size 80 coarsen threshold 460 Card regions per heap region 1 cards per card region 2048
 CPUs: 4 total, 4 available
 Memory: 3933M
 Large Page Support: Disabled
 NUMA Support: Disabled
 Compressed Oops: Enabled (32-bit)
 Heap Region Size: 1M
 Heap Min Capacity: 8M
 Heap Initial Capacity: 62M
 Heap Max Capacity: 984M
 Pre-touch: Disabled
 Parallel Workers: 4
 Concurrent Workers: 1
 Concurrent Refinement Workers: 4
 Periodic GC: Disabled
Heap:
 garbage-first heap   total 55296K, used 39928K [0x00000000c2800000, 0x0000000100000000)
  region size 1024K, 15 young (15360K), 1 survivors (1024K)
 Metaspace       used 61371K, committed 62080K, reserved 1114112K
  class space    used 8359K, committed 8704K, reserved 1048576K
GC Heap History (20 events):
Event: 5.898 GC heap before
{Heap before GC invocations=3 (full 0):
 garbage-first heap   total 63488K, used 42914K [0x00000000c2800000, 0x0000000100000000)
  region size 1024K, 36 young (36864K), 4 survivors (4096K)
 Metaspace       used 19487K, committed 19840K, reserved 1114112K
  class space    used 2339K, committed 2496K, reserved 1048576K
}
Event: 5.908 GC heap after
{Heap after GC invocations=4 (full 0):
 garbage-first heap   total 63488K, used 13046K [0x00000000c2800000, 0x0000000100000000)
  region size 1024K, 5 young (5120K), 5 survivors (5120K)
 Metaspace       used 19487K, committed 19840K, reserved 1114112K
  class space    used 2339K, committed 2496K, reserved 1048576K
}
Event: 6.757 GC heap before
{Heap before GC invocations=4 (full 0):
 garbage-first heap   total 63488K, used 28406K [0x00000000c2800000, 0x0000000100000000)
  region size 1024K, 21 young (21504K), 5 survivors (5120K)
 Metaspace       used 21248K, committed 21504K, reserved 1114112K
  class space    used 2547K, committed 2688K, reserved 1048576K
}
Event: 6.766 GC heap after
{Heap after GC invocations=5 (full 0):
 garbage-first heap   total 63488K, used 14237K [0x00000000c2800000, 0x0000000100000000)
  region size 1024K, 2 young (2048K), 2 survivors (2048K)
 Metaspace       used 21248K, committed 21504K, reserved 1114112K
  class space    used 2547K, committed 2688K, reserved 1048576K
}
Event: 9.225 GC heap before
{Heap before GC invocations=6 (full 0):
 garbage-first heap   total 55296K, used 44957K [0x00000000c2800000, 0x0000000100000000)
  region size 1024K, 32 young (32768K), 2 survivors (2048K)
 Metaspace       used 26475K, committed 26944K, reserved 1114112K
  class space    used 3305K, committed 3520K, reserved 1048576K
}
Event: 9.233 GC heap after
{Heap after GC invocations=7 (full 0):
 garbage-first heap   total 55296K, used 17226K [0x00000000c2800000, 0x0000000100000000)
  region size 1024K, 4 young (4096K), 4 survivors (4096K)
 Metaspace       used 26475K, committed 26944K, reserved 1114112K
  class space    used 3305K, committed 3520K, reserved 1048576K
}
Event: 10.828 GC heap before
{Heap before GC invocations=7 (full 0):
 garbage-first heap   total 55296K, used 42826K [0x00000000c2800000, 0x0000000100000000)
  region size 1024K, 30 young (30720K), 4 survivors (4096K)
 Metaspace       used 32225K, committed 32768K, reserved 1114112K
  class space    used 3992K, committed 4224K, reserved 1048576K
}
Event: 10.838 GC heap after
{Heap after GC invocations=8 (full 0):
 garbage-first heap   total 55296K, used 19397K [0x00000000c2800000, 0x0000000100000000)
  region size 1024K, 3 young (3072K), 3 survivors (3072K)
 Metaspace       used 32225K, committed 32768K, reserved 1114112K
  class space    used 3992K, committed 4224K, reserved 1048576K
}
Event: 11.769 GC heap before
{Heap before GC invocations=8 (full 0):
 garbage-first heap   total 55296K, used 34757K [0x00000000c2800000, 0x0000000100000000)
  region size 1024K, 19 young (19456K), 3 survivors (3072K)
 Metaspace       used 35471K, committed 35968K, reserved 1114112K
  class space    used 4426K, committed 4672K, reserved 1048576K
}
Event: 11.774 GC heap after
{Heap after GC invocations=9 (full 0):
 garbage-first heap   total 55296K, used 20904K [0x00000000c2800000, 0x0000000100000000)
  region size 1024K, 4 young (4096K), 4 survivors (4096K)
 Metaspace       used 35471K, committed 35968K, reserved 1114112K
  class space    used 4426K, committed 4672K, reserved 1048576K
}
Event: 29.226 GC heap before
{Heap before GC invocations=10 (full 0):
 garbage-first heap   total 55296K, used 45480K [0x00000000c2800000, 0x0000000100000000)
  region size 1024K, 29 young (29696K), 4 survivors (4096K)
 Metaspace       used 41499K, committed 42048K, reserved 1114112K
  class space    used 5425K, committed 5696K, reserved 1048576K
}
Event: 29.233 GC heap after
{Heap after GC invocations=11 (full 0):
 garbage-first heap   total 55296K, used 21897K [0x00000000c2800000, 0x0000000100000000)
  region size 1024K, 3 young (3072K), 3 survivors (3072K)
 Metaspace       used 41499K, committed 42048K, reserved 1114112K
  class space    used 5425K, committed 5696K, reserved 1048576K
}
Event: 30.386 GC heap before
{Heap before GC invocations=11 (full 0):
 garbage-first heap   total 55296K, used 46473K [0x00000000c2800000, 0x0000000100000000)
  region size 1024K, 28 young (28672K), 3 survivors (3072K)
 Metaspace       used 48222K, committed 48832K, reserved 1114112K
  class space    used 6341K, committed 6592K, reserved 1048576K
}
Event: 30.394 GC heap after
{Heap after GC invocations=12 (full 0):
 garbage-first heap   total 55296K, used 23339K [0x00000000c2800000, 0x0000000100000000)
  region size 1024K, 4 young (4096K), 4 survivors (4096K)
 Metaspace       used 48222K, committed 48832K, reserved 1114112K
  class space    used 6341K, committed 6592K, reserved 1048576K
}
Event: 31.507 GC heap before
{Heap before GC invocations=12 (full 0):
 garbage-first heap   total 55296K, used 44843K [0x00000000c2800000, 0x0000000100000000)
  region size 1024K, 26 young (26624K), 4 survivors (4096K)
 Metaspace       used 53680K, committed 54336K, reserved 1114112K
  class space    used 7225K, committed 7488K, reserved 1048576K
}
Event: 31.513 GC heap after
{Heap after GC invocations=13 (full 0):
 garbage-first heap   total 55296K, used 23920K [0x00000000c2800000, 0x0000000100000000)
  region size 1024K, 3 young (3072K), 3 survivors (3072K)
 Metaspace       used 53680K, committed 54336K, reserved 1114112K
  class space    used 7225K, committed 7488K, reserved 1048576K
}
Event: 32.852 GC heap before
{Heap before GC invocations=13 (full 0):
 garbage-first heap   total 55296K, used 47472K [0x00000000c2800000, 0x0000000100000000)
  region size 1024K, 26 young (26624K), 3 survivors (3072K)
 Metaspace       used 58998K, committed 59712K, reserved 1114112K
  class space    used 7929K, committed 8256K, reserved 1048576K
}
Event: 32.862 GC heap after
{Heap after GC invocations=14 (full 0):
 garbage-first heap   total 55296K, used 26069K [0x00000000c2800000, 0x0000000100000000)
  region size 1024K, 3 young (3072K), 3 survivors (3072K)
 Metaspace       used 58998K, committed 59712K, reserved 1114112K
  class space    used 7929K, committed 8256K, reserved 1048576K
}
Event: 33.280 GC heap before
{Heap before GC invocations=14 (full 0):
 garbage-first heap   total 55296K, used 29141K [0x00000000c2800000, 0x0000000100000000)
  region size 1024K, 7 young (7168K), 3 survivors (3072K)
 Metaspace       used 59733K, committed 60416K, reserved 1114112K
  class space    used 8050K, committed 8384K, reserved 1048576K
}
Event: 33.286 GC heap after
{Heap after GC invocations=15 (full 0):
 garbage-first heap   total 55296K, used 26616K [0x00000000c2800000, 0x0000000100000000)
  region size 1024K, 1 young (1024K), 1 survivors (1024K)
 Metaspace       used 59733K, committed 60416K, reserved 1114112K
  class space    used 8050K, committed 8384K, reserved 1048576K
}

