# JRE version: Java(TM) SE Runtime Environment (21.0.4+8) (build 21.0.4+8-LTS-274)
# Java VM: Java HotSpot(TM) 64-Bit Server VM (21.0.4+8-LTS-274, mixed mode, sharing, tiered, compressed oops, compressed class ptrs, g1 gc, windows-amd64)
GC Precious Log:
 CardTable entry size: 512
 Card Set container configuration: InlinePtr #cards 5 size 8 Array Of Cards #cards 12 size 40 Howl #buckets 4 coarsen threshold 1843 Howl Bitmap #cards 512 size 80 coarsen threshold 460 Card regions per heap region 1 cards per card region 2048
 CPUs: 4 total, 4 available
 Memory: 3933M
 Large Page Support: Disabled
 NUMA Support: Disabled
 Compressed Oops: Enabled (32-bit)
 Heap Region Size: 1M
 Heap Min Capacity: 8M
 Heap Initial Capacity: 62M
 Heap Max Capacity: 984M
 Pre-touch: Disabled
 Parallel Workers: 4
 Concurrent Workers: 1
 Concurrent Refinement Workers: 4
 Periodic GC: Disabled
Heap:
 garbage-first heap   total 55296K, used 30024K [0x00000000c2800000, 0x0000000100000000)
  region size 1024K, 12 young (12288K), 3 survivors (3072K)
 Metaspace       used 43775K, committed 44352K, reserved 1114112K
  class space    used 5728K, committed 5952K, reserved 1048576K
GC Heap History (18 events):
Event: 4.499 GC heap before
{Heap before GC invocations=0 (full 0):
 garbage-first heap   total 63488K, used 13312K [0x00000000c2800000, 0x0000000100000000)
  region size 1024K, 13 young (13312K), 0 survivors (0K)
 Metaspace       used 3416K, committed 3584K, reserved 1114112K
  class space    used 319K, committed 384K, reserved 1048576K
}
Event: 4.513 GC heap after
{Heap after GC invocations=1 (full 0):
 garbage-first heap   total 63488K, used 7104K [0x00000000c2800000, 0x0000000100000000)
  region size 1024K, 2 young (2048K), 2 survivors (2048K)
 Metaspace       used 3416K, committed 3584K, reserved 1114112K
  class space    used 319K, committed 384K, reserved 1048576K
}
Event: 5.669 GC heap before
{Heap before GC invocations=1 (full 0):
 garbage-first heap   total 63488K, used 18368K [0x00000000c2800000, 0x0000000100000000)
  region size 1024K, 14 young (14336K), 2 survivors (2048K)
 Metaspace       used 6361K, committed 6528K, reserved 1114112K
  class space    used 708K, committed 768K, reserved 1048576K
}
Event: 5.674 GC heap after
{Heap after GC invocations=2 (full 0):
 garbage-first heap   total 63488K, used 7684K [0x00000000c2800000, 0x0000000100000000)
  region size 1024K, 1 young (1024K), 1 survivors (1024K)
 Metaspace       used 6361K, committed 6528K, reserved 1114112K
  class space    used 708K, committed 768K, reserved 1048576K
}
Event: 11.930 GC heap before
{Heap before GC invocations=2 (full 0):
 garbage-first heap   total 63488K, used 34308K [0x00000000c2800000, 0x0000000100000000)
  region size 1024K, 28 young (28672K), 1 survivors (1024K)
 Metaspace       used 13954K, committed 14208K, reserved 1114112K
  class space    used 1632K, committed 1728K, reserved 1048576K
}
Event: 11.943 GC heap after
{Heap after GC invocations=3 (full 0):
 garbage-first heap   total 63488K, used 10295K [0x00000000c2800000, 0x0000000100000000)
  region size 1024K, 4 young (4096K), 4 survivors (4096K)
 Metaspace       used 13954K, committed 14208K, reserved 1114112K
  class space    used 1632K, committed 1728K, reserved 1048576K
}
Event: 17.088 GC heap before
{Heap before GC invocations=3 (full 0):
 garbage-first heap   total 63488K, used 42039K [0x00000000c2800000, 0x0000000100000000)
  region size 1024K, 36 young (36864K), 4 survivors (4096K)
 Metaspace       used 19639K, committed 19968K, reserved 1114112K
  class space    used 2353K, committed 2496K, reserved 1048576K
}
Event: 17.104 GC heap after
{Heap after GC invocations=4 (full 0):
 garbage-first heap   total 63488K, used 13427K [0x00000000c2800000, 0x0000000100000000)
  region size 1024K, 5 young (5120K), 5 survivors (5120K)
 Metaspace       used 19639K, committed 19968K, reserved 1114112K
  class space    used 2353K, committed 2496K, reserved 1048576K
}
Event: 19.087 GC heap before
{Heap before GC invocations=4 (full 0):
 garbage-first heap   total 63488K, used 25715K [0x00000000c2800000, 0x0000000100000000)
  region size 1024K, 19 young (19456K), 5 survivors (5120K)
 Metaspace       used 21197K, committed 21504K, reserved 1114112K
  class space    used 2535K, committed 2688K, reserved 1048576K
}
Event: 19.101 GC heap after
{Heap after GC invocations=5 (full 0):
 garbage-first heap   total 63488K, used 14109K [0x00000000c2800000, 0x0000000100000000)
  region size 1024K, 2 young (2048K), 2 survivors (2048K)
 Metaspace       used 21197K, committed 21504K, reserved 1114112K
  class space    used 2535K, committed 2688K, reserved 1048576K
}
Event: 21.352 GC heap before
{Heap before GC invocations=6 (full 0):
 garbage-first heap   total 55296K, used 44829K [0x00000000c2800000, 0x0000000100000000)
  region size 1024K, 32 young (32768K), 2 survivors (2048K)
 Metaspace       used 26462K, committed 26880K, reserved 1114112K
  class space    used 3299K, committed 3520K, reserved 1048576K
}
Event: 21.368 GC heap after
{Heap after GC invocations=7 (full 0):
 garbage-first heap   total 55296K, used 17144K [0x00000000c2800000, 0x0000000100000000)
  region size 1024K, 4 young (4096K), 4 survivors (4096K)
 Metaspace       used 26462K, committed 26880K, reserved 1114112K
  class space    used 3299K, committed 3520K, reserved 1048576K
}
Event: 25.645 GC heap before
{Heap before GC invocations=7 (full 0):
 garbage-first heap   total 55296K, used 42744K [0x00000000c2800000, 0x0000000100000000)
  region size 1024K, 30 young (30720K), 4 survivors (4096K)
 Metaspace       used 32280K, committed 32768K, reserved 1114112K
  class space    used 3998K, committed 4224K, reserved 1048576K
}
Event: 25.661 GC heap after
{Heap after GC invocations=8 (full 0):
 garbage-first heap   total 55296K, used 19279K [0x00000000c2800000, 0x0000000100000000)
  region size 1024K, 3 young (3072K), 3 survivors (3072K)
 Metaspace       used 32280K, committed 32768K, reserved 1114112K
  class space    used 3998K, committed 4224K, reserved 1048576K
}
Event: 26.796 GC heap before
{Heap before GC invocations=8 (full 0):
 garbage-first heap   total 55296K, used 33615K [0x00000000c2800000, 0x0000000100000000)
  region size 1024K, 18 young (18432K), 3 survivors (3072K)
 Metaspace       used 35418K, committed 35968K, reserved 1114112K
  class space    used 4416K, committed 4672K, reserved 1048576K
}
Event: 26.803 GC heap after
{Heap after GC invocations=9 (full 0):
 garbage-first heap   total 55296K, used 20350K [0x00000000c2800000, 0x0000000100000000)
  region size 1024K, 4 young (4096K), 4 survivors (4096K)
 Metaspace       used 35418K, committed 35968K, reserved 1114112K
  class space    used 4416K, committed 4672K, reserved 1048576K
}
Event: 30.789 GC heap before
{Heap before GC invocations=10 (full 0):
 garbage-first heap   total 55296K, used 43902K [0x00000000c2800000, 0x0000000100000000)
  region size 1024K, 28 young (28672K), 4 survivors (4096K)
 Metaspace       used 41442K, committed 42048K, reserved 1114112K
  class space    used 5415K, committed 5696K, reserved 1048576K
}
Event: 30.801 GC heap after
{Heap after GC invocations=11 (full 0):
 garbage-first heap   total 55296K, used 21832K [0x00000000c2800000, 0x0000000100000000)
  region size 1024K, 3 young (3072K), 3 survivors (3072K)
 Metaspace       used 41442K, committed 42048K, reserved 1114112K
  class space    used 5415K, committed 5696K, reserved 1048576K
}

