# JRE version: Java(TM) SE Runtime Environment (21.0.4+8) (build 21.0.4+8-LTS-274)
# Java VM: Java HotSpot(TM) 64-Bit Server VM (21.0.4+8-LTS-274, mixed mode, sharing, tiered, compressed oops, compressed class ptrs, g1 gc, windows-amd64)
GC Precious Log:
 CardTable entry size: 512
 Card Set container configuration: InlinePtr #cards 5 size 8 Array Of Cards #cards 12 size 40 Howl #buckets 4 coarsen threshold 1843 Howl Bitmap #cards 512 size 80 coarsen threshold 460 Card regions per heap region 1 cards per card region 2048
 CPUs: 4 total, 4 available
 Memory: 3933M
 Large Page Support: Disabled
 NUMA Support: Disabled
 Compressed Oops: Enabled (32-bit)
 Heap Region Size: 1M
 Heap Min Capacity: 8M
 Heap Initial Capacity: 62M
 Heap Max Capacity: 984M
 Pre-touch: Disabled
 Parallel Workers: 4
 Concurrent Workers: 1
 Concurrent Refinement Workers: 4
 Periodic GC: Disabled
Heap:
 garbage-first heap   total 55296K, used 36612K [0x00000000c2800000, 0x0000000100000000)
  region size 1024K, 16 young (16384K), 3 survivors (3072K)
 Metaspace       used 56815K, committed 57472K, reserved 1114112K
  class space    used 7640K, committed 7936K, reserved 1048576K
GC Heap History (20 events):
Event: 3.024 GC heap before
{Heap before GC invocations=1 (full 0):
 garbage-first heap   total 63488K, used 17920K [0x00000000c2800000, 0x0000000100000000)
  region size 1024K, 13 young (13312K), 2 survivors (2048K)
 Metaspace       used 6086K, committed 6336K, reserved 1114112K
  class space    used 675K, committed 768K, reserved 1048576K
}
Event: 3.029 GC heap after
{Heap after GC invocations=2 (full 0):
 garbage-first heap   total 63488K, used 7542K [0x00000000c2800000, 0x0000000100000000)
  region size 1024K, 1 young (1024K), 1 survivors (1024K)
 Metaspace       used 6086K, committed 6336K, reserved 1114112K
  class space    used 675K, committed 768K, reserved 1048576K
}
Event: 5.065 GC heap before
{Heap before GC invocations=2 (full 0):
 garbage-first heap   total 63488K, used 34166K [0x00000000c2800000, 0x0000000100000000)
  region size 1024K, 28 young (28672K), 1 survivors (1024K)
 Metaspace       used 13658K, committed 13952K, reserved 1114112K
  class space    used 1581K, committed 1728K, reserved 1048576K
}
Event: 5.076 GC heap after
{Heap after GC invocations=3 (full 0):
 garbage-first heap   total 63488K, used 9907K [0x00000000c2800000, 0x0000000100000000)
  region size 1024K, 3 young (3072K), 3 survivors (3072K)
 Metaspace       used 13658K, committed 13952K, reserved 1114112K
  class space    used 1581K, committed 1728K, reserved 1048576K
}
Event: 9.909 GC heap before
{Heap before GC invocations=3 (full 0):
 garbage-first heap   total 63488K, used 42675K [0x00000000c2800000, 0x0000000100000000)
  region size 1024K, 36 young (36864K), 3 survivors (3072K)
 Metaspace       used 19627K, committed 19904K, reserved 1114112K
  class space    used 2346K, committed 2496K, reserved 1048576K
}
Event: 9.930 GC heap after
{Heap after GC invocations=4 (full 0):
 garbage-first heap   total 63488K, used 13174K [0x00000000c2800000, 0x0000000100000000)
  region size 1024K, 5 young (5120K), 5 survivors (5120K)
 Metaspace       used 19627K, committed 19904K, reserved 1114112K
  class space    used 2346K, committed 2496K, reserved 1048576K
}
Event: 11.364 GC heap before
{Heap before GC invocations=4 (full 0):
 garbage-first heap   total 63488K, used 26486K [0x00000000c2800000, 0x0000000100000000)
  region size 1024K, 19 young (19456K), 5 survivors (5120K)
 Metaspace       used 21202K, committed 21504K, reserved 1114112K
  class space    used 2544K, committed 2688K, reserved 1048576K
}
Event: 11.379 GC heap after
{Heap after GC invocations=5 (full 0):
 garbage-first heap   total 63488K, used 14546K [0x00000000c2800000, 0x0000000100000000)
  region size 1024K, 2 young (2048K), 2 survivors (2048K)
 Metaspace       used 21202K, committed 21504K, reserved 1114112K
  class space    used 2544K, committed 2688K, reserved 1048576K
}
Event: 14.064 GC heap before
{Heap before GC invocations=6 (full 0):
 garbage-first heap   total 55296K, used 45266K [0x00000000c2800000, 0x0000000100000000)
  region size 1024K, 32 young (32768K), 2 survivors (2048K)
 Metaspace       used 26472K, committed 26944K, reserved 1114112K
  class space    used 3305K, committed 3520K, reserved 1048576K
}
Event: 14.076 GC heap after
{Heap after GC invocations=7 (full 0):
 garbage-first heap   total 55296K, used 17406K [0x00000000c2800000, 0x0000000100000000)
  region size 1024K, 4 young (4096K), 4 survivors (4096K)
 Metaspace       used 26472K, committed 26944K, reserved 1114112K
  class space    used 3305K, committed 3520K, reserved 1048576K
}
Event: 19.686 GC heap before
{Heap before GC invocations=7 (full 0):
 garbage-first heap   total 55296K, used 44030K [0x00000000c2800000, 0x0000000100000000)
  region size 1024K, 31 young (31744K), 4 survivors (4096K)
 Metaspace       used 32409K, committed 32896K, reserved 1114112K
  class space    used 4021K, committed 4224K, reserved 1048576K
}
Event: 19.699 GC heap after
{Heap after GC invocations=8 (full 0):
 garbage-first heap   total 55296K, used 19915K [0x00000000c2800000, 0x0000000100000000)
  region size 1024K, 3 young (3072K), 3 survivors (3072K)
 Metaspace       used 32409K, committed 32896K, reserved 1114112K
  class space    used 4021K, committed 4224K, reserved 1048576K
}
Event: 23.101 GC heap before
{Heap before GC invocations=8 (full 0):
 garbage-first heap   total 55296K, used 34251K [0x00000000c2800000, 0x0000000100000000)
  region size 1024K, 18 young (18432K), 3 survivors (3072K)
 Metaspace       used 35465K, committed 35968K, reserved 1114112K
  class space    used 4443K, committed 4672K, reserved 1048576K
}
Event: 23.112 GC heap after
{Heap after GC invocations=9 (full 0):
 garbage-first heap   total 55296K, used 20880K [0x00000000c2800000, 0x0000000100000000)
  region size 1024K, 2 young (2048K), 2 survivors (2048K)
 Metaspace       used 35465K, committed 35968K, reserved 1114112K
  class space    used 4443K, committed 4672K, reserved 1048576K
}
Event: 30.982 GC heap before
{Heap before GC invocations=10 (full 0):
 garbage-first heap   total 55296K, used 45456K [0x00000000c2800000, 0x0000000100000000)
  region size 1024K, 26 young (26624K), 2 survivors (2048K)
 Metaspace       used 41609K, committed 42240K, reserved 1114112K
  class space    used 5460K, committed 5760K, reserved 1048576K
}
Event: 30.989 GC heap after
{Heap after GC invocations=11 (full 0):
 garbage-first heap   total 55296K, used 22316K [0x00000000c2800000, 0x0000000100000000)
  region size 1024K, 3 young (3072K), 3 survivors (3072K)
 Metaspace       used 41609K, committed 42240K, reserved 1114112K
  class space    used 5460K, committed 5760K, reserved 1048576K
}
Event: 33.470 GC heap before
{Heap before GC invocations=11 (full 0):
 garbage-first heap   total 55296K, used 45868K [0x00000000c2800000, 0x0000000100000000)
  region size 1024K, 27 young (27648K), 3 survivors (3072K)
 Metaspace       used 48961K, committed 49536K, reserved 1114112K
  class space    used 6486K, committed 6784K, reserved 1048576K
}
Event: 33.480 GC heap after
{Heap after GC invocations=12 (full 0):
 garbage-first heap   total 55296K, used 23287K [0x00000000c2800000, 0x0000000100000000)
  region size 1024K, 3 young (3072K), 3 survivors (3072K)
 Metaspace       used 48961K, committed 49536K, reserved 1114112K
  class space    used 6486K, committed 6784K, reserved 1048576K
}
Event: 35.349 GC heap before
{Heap before GC invocations=12 (full 0):
 garbage-first heap   total 55296K, used 46839K [0x00000000c2800000, 0x0000000100000000)
  region size 1024K, 27 young (27648K), 3 survivors (3072K)
 Metaspace       used 54409K, committed 55104K, reserved 1114112K
  class space    used 7377K, committed 7680K, reserved 1048576K
}
Event: 35.357 GC heap after
{Heap after GC invocations=13 (full 0):
 garbage-first heap   total 55296K, used 24324K [0x00000000c2800000, 0x0000000100000000)
  region size 1024K, 3 young (3072K), 3 survivors (3072K)
 Metaspace       used 54409K, committed 55104K, reserved 1114112K
  class space    used 7377K, committed 7680K, reserved 1048576K
}

