# JRE version: Java(TM) SE Runtime Environment (21.0.4+8) (build 21.0.4+8-LTS-274)
# Java VM: Java HotSpot(TM) 64-Bit Server VM (21.0.4+8-LTS-274, mixed mode, sharing, tiered, compressed oops, compressed class ptrs, g1 gc, windows-amd64)
GC Precious Log:
 CardTable entry size: 512
 Card Set container configuration: InlinePtr #cards 5 size 8 Array Of Cards #cards 12 size 40 Howl #buckets 4 coarsen threshold 1843 Howl Bitmap #cards 512 size 80 coarsen threshold 460 Card regions per heap region 1 cards per card region 2048
 CPUs: 4 total, 4 available
 Memory: 3933M
 Large Page Support: Disabled
 NUMA Support: Disabled
 Compressed Oops: Enabled (32-bit)
 Heap Region Size: 1M
 Heap Min Capacity: 8M
 Heap Initial Capacity: 62M
 Heap Max Capacity: 984M
 Pre-touch: Disabled
 Parallel Workers: 4
 Concurrent Workers: 1
 Concurrent Refinement Workers: 4
 Periodic GC: Disabled
Heap:
 garbage-first heap   total 63488K, used 26080K [0x00000000c2800000, 0x0000000100000000)
  region size 1024K, 21 young (21504K), 3 survivors (3072K)
 Metaspace       used 17422K, committed 17728K, reserved 1114112K
  class space    used 2109K, committed 2240K, reserved 1048576K
GC Heap History (6 events):
Event: 3.834 GC heap before
{Heap before GC invocations=0 (full 0):
 garbage-first heap   total 63488K, used 13312K [0x00000000c2800000, 0x0000000100000000)
  region size 1024K, 13 young (13312K), 0 survivors (0K)
 Metaspace       used 3397K, committed 3520K, reserved 1114112K
  class space    used 316K, committed 384K, reserved 1048576K
}
Event: 3.889 GC heap after
{Heap after GC invocations=1 (full 0):
 garbage-first heap   total 63488K, used 6784K [0x00000000c2800000, 0x0000000100000000)
  region size 1024K, 2 young (2048K), 2 survivors (2048K)
 Metaspace       used 3397K, committed 3520K, reserved 1114112K
  class space    used 316K, committed 384K, reserved 1048576K
}
Event: 9.377 GC heap before
{Heap before GC invocations=1 (full 0):
 garbage-first heap   total 63488K, used 18048K [0x00000000c2800000, 0x0000000100000000)
  region size 1024K, 13 young (13312K), 2 survivors (2048K)
 Metaspace       used 6069K, committed 6336K, reserved 1114112K
  class space    used 672K, committed 768K, reserved 1048576K
}
Event: 9.385 GC heap after
{Heap after GC invocations=2 (full 0):
 garbage-first heap   total 63488K, used 7476K [0x00000000c2800000, 0x0000000100000000)
  region size 1024K, 1 young (1024K), 1 survivors (1024K)
 Metaspace       used 6069K, committed 6336K, reserved 1114112K
  class space    used 672K, committed 768K, reserved 1048576K
}
Event: 11.609 GC heap before
{Heap before GC invocations=2 (full 0):
 garbage-first heap   total 63488K, used 31028K [0x00000000c2800000, 0x0000000100000000)
  region size 1024K, 25 young (25600K), 1 survivors (1024K)
 Metaspace       used 12561K, committed 12800K, reserved 1114112K
  class space    used 1472K, committed 1600K, reserved 1048576K
}
Event: 11.618 GC heap after
{Heap after GC invocations=3 (full 0):
 garbage-first heap   total 63488K, used 9696K [0x00000000c2800000, 0x0000000100000000)
  region size 1024K, 3 young (3072K), 3 survivors (3072K)
 Metaspace       used 12561K, committed 12800K, reserved 1114112K
  class space    used 1472K, committed 1600K, reserved 1048576K
}

