# JRE version: Java(TM) SE Runtime Environment (21.0.4+8) (build 21.0.4+8-LTS-274)
# Java VM: Java HotSpot(TM) 64-Bit Server VM (21.0.4+8-LTS-274, mixed mode, sharing, tiered, compressed oops, compressed class ptrs, g1 gc, windows-amd64)
GC Precious Log:
 CardTable entry size: 512
 Card Set container configuration: InlinePtr #cards 5 size 8 Array Of Cards #cards 12 size 40 Howl #buckets 4 coarsen threshold 1843 Howl Bitmap #cards 512 size 80 coarsen threshold 460 Card regions per heap region 1 cards per card region 2048
 CPUs: 4 total, 4 available
 Memory: 3933M
 Large Page Support: Disabled
 NUMA Support: Disabled
 Compressed Oops: Enabled (32-bit)
 Heap Region Size: 1M
 Heap Min Capacity: 8M
 Heap Initial Capacity: 62M
 Heap Max Capacity: 984M
 Pre-touch: Disabled
 Parallel Workers: 4
 Concurrent Workers: 1
 Concurrent Refinement Workers: 4
 Periodic GC: Disabled
Heap:
 garbage-first heap   total 60416K, used 36139K [0x00000000c2800000, 0x0000000100000000)
  region size 1024K, 8 young (8192K), 3 survivors (3072K)
 Metaspace       used 68921K, committed 69760K, reserved 1114112K
  class space    used 9398K, committed 9792K, reserved 1048576K
GC Heap History (20 events):
Event: 14.266 GC heap before
{Heap before GC invocations=6 (full 0):
 garbage-first heap   total 55296K, used 45322K [0x00000000c2800000, 0x0000000100000000)
  region size 1024K, 32 young (32768K), 2 survivors (2048K)
 Metaspace       used 26443K, committed 26944K, reserved 1114112K
  class space    used 3301K, committed 3520K, reserved 1048576K
}
Event: 14.278 GC heap after
{Heap after GC invocations=7 (full 0):
 garbage-first heap   total 55296K, used 17237K [0x00000000c2800000, 0x0000000100000000)
  region size 1024K, 4 young (4096K), 4 survivors (4096K)
 Metaspace       used 26443K, committed 26944K, reserved 1114112K
  class space    used 3301K, committed 3520K, reserved 1048576K
}
Event: 17.174 GC heap before
{Heap before GC invocations=7 (full 0):
 garbage-first heap   total 55296K, used 43861K [0x00000000c2800000, 0x0000000100000000)
  region size 1024K, 31 young (31744K), 4 survivors (4096K)
 Metaspace       used 32362K, committed 32896K, reserved 1114112K
  class space    used 4017K, committed 4224K, reserved 1048576K
}
Event: 17.188 GC heap after
{Heap after GC invocations=8 (full 0):
 garbage-first heap   total 55296K, used 19712K [0x00000000c2800000, 0x0000000100000000)
  region size 1024K, 3 young (3072K), 3 survivors (3072K)
 Metaspace       used 32362K, committed 32896K, reserved 1114112K
  class space    used 4017K, committed 4224K, reserved 1048576K
}
Event: 18.201 GC heap before
{Heap before GC invocations=8 (full 0):
 garbage-first heap   total 55296K, used 32000K [0x00000000c2800000, 0x0000000100000000)
  region size 1024K, 17 young (17408K), 3 survivors (3072K)
 Metaspace       used 35451K, committed 35968K, reserved 1114112K
  class space    used 4423K, committed 4672K, reserved 1048576K
}
Event: 18.209 GC heap after
{Heap after GC invocations=9 (full 0):
 garbage-first heap   total 55296K, used 20748K [0x00000000c2800000, 0x0000000100000000)
  region size 1024K, 2 young (2048K), 2 survivors (2048K)
 Metaspace       used 35451K, committed 35968K, reserved 1114112K
  class space    used 4423K, committed 4672K, reserved 1048576K
}
Event: 27.936 GC heap before
{Heap before GC invocations=10 (full 0):
 garbage-first heap   total 55296K, used 45324K [0x00000000c2800000, 0x0000000100000000)
  region size 1024K, 27 young (27648K), 2 survivors (2048K)
 Metaspace       used 41592K, committed 42176K, reserved 1114112K
  class space    used 5433K, committed 5696K, reserved 1048576K
}
Event: 27.947 GC heap after
{Heap after GC invocations=11 (full 0):
 garbage-first heap   total 55296K, used 22138K [0x00000000c2800000, 0x0000000100000000)
  region size 1024K, 3 young (3072K), 3 survivors (3072K)
 Metaspace       used 41592K, committed 42176K, reserved 1114112K
  class space    used 5433K, committed 5696K, reserved 1048576K
}
Event: 31.344 GC heap before
{Heap before GC invocations=11 (full 0):
 garbage-first heap   total 55296K, used 46714K [0x00000000c2800000, 0x0000000100000000)
  region size 1024K, 28 young (28672K), 3 survivors (3072K)
 Metaspace       used 49339K, committed 49920K, reserved 1114112K
  class space    used 6500K, committed 6720K, reserved 1048576K
}
Event: 31.353 GC heap after
{Heap after GC invocations=12 (full 0):
 garbage-first heap   total 55296K, used 22952K [0x00000000c2800000, 0x0000000100000000)
  region size 1024K, 3 young (3072K), 3 survivors (3072K)
 Metaspace       used 49339K, committed 49920K, reserved 1114112K
  class space    used 6500K, committed 6720K, reserved 1048576K
}
Event: 32.792 GC heap before
{Heap before GC invocations=12 (full 0):
 garbage-first heap   total 55296K, used 47528K [0x00000000c2800000, 0x0000000100000000)
  region size 1024K, 27 young (27648K), 3 survivors (3072K)
 Metaspace       used 55168K, committed 55808K, reserved 1114112K
  class space    used 7481K, committed 7744K, reserved 1048576K
}
Event: 32.800 GC heap after
{Heap after GC invocations=13 (full 0):
 garbage-first heap   total 55296K, used 24254K [0x00000000c2800000, 0x0000000100000000)
  region size 1024K, 3 young (3072K), 3 survivors (3072K)
 Metaspace       used 55168K, committed 55808K, reserved 1114112K
  class space    used 7481K, committed 7744K, reserved 1048576K
}
Event: 34.391 GC heap before
{Heap before GC invocations=13 (full 0):
 garbage-first heap   total 55296K, used 43710K [0x00000000c2800000, 0x0000000100000000)
  region size 1024K, 24 young (24576K), 3 survivors (3072K)
 Metaspace       used 59366K, committed 60096K, reserved 1114112K
  class space    used 8024K, committed 8384K, reserved 1048576K
}
Event: 34.402 GC heap after
{Heap after GC invocations=14 (full 0):
 garbage-first heap   total 55296K, used 26323K [0x00000000c2800000, 0x0000000100000000)
  region size 1024K, 4 young (4096K), 4 survivors (4096K)
 Metaspace       used 59366K, committed 60096K, reserved 1114112K
  class space    used 8024K, committed 8384K, reserved 1048576K
}
Event: 35.937 GC heap before
{Heap before GC invocations=15 (full 0):
 garbage-first heap   total 55296K, used 45779K [0x00000000c2800000, 0x0000000100000000)
  region size 1024K, 23 young (23552K), 4 survivors (4096K)
 Metaspace       used 62049K, committed 62848K, reserved 1114112K
  class space    used 8474K, committed 8832K, reserved 1048576K
}
Event: 35.953 GC heap after
{Heap after GC invocations=16 (full 0):
 garbage-first heap   total 55296K, used 28387K [0x00000000c2800000, 0x0000000100000000)
  region size 1024K, 2 young (2048K), 2 survivors (2048K)
 Metaspace       used 62049K, committed 62848K, reserved 1114112K
  class space    used 8474K, committed 8832K, reserved 1048576K
}
Event: 39.312 GC heap before
{Heap before GC invocations=16 (full 0):
 garbage-first heap   total 55296K, used 48867K [0x00000000c2800000, 0x0000000100000000)
  region size 1024K, 22 young (22528K), 2 survivors (2048K)
 Metaspace       used 64409K, committed 65152K, reserved 1114112K
  class space    used 8813K, committed 9152K, reserved 1048576K
}
Event: 39.325 GC heap after
{Heap after GC invocations=17 (full 0):
 garbage-first heap   total 55296K, used 30674K [0x00000000c2800000, 0x0000000100000000)
  region size 1024K, 3 young (3072K), 3 survivors (3072K)
 Metaspace       used 64409K, committed 65152K, reserved 1114112K
  class space    used 8813K, committed 9152K, reserved 1048576K
}
Event: 75.281 GC heap before
{Heap before GC invocations=17 (full 0):
 garbage-first heap   total 55296K, used 46034K [0x00000000c2800000, 0x0000000100000000)
  region size 1024K, 19 young (19456K), 3 survivors (3072K)
 Metaspace       used 67778K, committed 68608K, reserved 1114112K
  class space    used 9272K, committed 9664K, reserved 1048576K
}
Event: 75.302 GC heap after
{Heap after GC invocations=18 (full 0):
 garbage-first heap   total 55296K, used 33067K [0x00000000c2800000, 0x0000000100000000)
  region size 1024K, 3 young (3072K), 3 survivors (3072K)
 Metaspace       used 67778K, committed 68608K, reserved 1114112K
  class space    used 9272K, committed 9664K, reserved 1048576K
}

