# JRE version: Java(TM) SE Runtime Environment (21.0.4+8) (build 21.0.4+8-LTS-274)
# Java VM: Java HotSpot(TM) 64-Bit Server VM (21.0.4+8-LTS-274, mixed mode, sharing, tiered, compressed oops, compressed class ptrs, g1 gc, windows-amd64)
GC Precious Log:
 CardTable entry size: 512
 Card Set container configuration: InlinePtr #cards 5 size 8 Array Of Cards #cards 12 size 40 Howl #buckets 4 coarsen threshold 1843 Howl Bitmap #cards 512 size 80 coarsen threshold 460 Card regions per heap region 1 cards per card region 2048
 CPUs: 4 total, 4 available
 Memory: 3933M
 Large Page Support: Disabled
 NUMA Support: Disabled
 Compressed Oops: Enabled (32-bit)
 Heap Region Size: 1M
 Heap Min Capacity: 8M
 Heap Initial Capacity: 62M
 Heap Max Capacity: 984M
 Pre-touch: Disabled
 Parallel Workers: 4
 Concurrent Workers: 1
 Concurrent Refinement Workers: 4
 Periodic GC: Disabled
Heap:
 garbage-first heap   total 55296K, used 23747K [0x00000000c2800000, 0x0000000100000000)
  region size 1024K, 8 young (8192K), 4 survivors (4096K)
 Metaspace       used 36474K, committed 37056K, reserved 1114112K
  class space    used 4624K, committed 4864K, reserved 1048576K
GC Heap History (16 events):
Event: 1.790 GC heap before
{Heap before GC invocations=0 (full 0):
 garbage-first heap   total 63488K, used 14336K [0x00000000c2800000, 0x0000000100000000)
  region size 1024K, 13 young (13312K), 0 survivors (0K)
 Metaspace       used 3491K, committed 3648K, reserved 1114112K
  class space    used 327K, committed 384K, reserved 1048576K
}
Event: 1.804 GC heap after
{Heap after GC invocations=1 (full 0):
 garbage-first heap   total 63488K, used 6695K [0x00000000c2800000, 0x0000000100000000)
  region size 1024K, 2 young (2048K), 2 survivors (2048K)
 Metaspace       used 3491K, committed 3648K, reserved 1114112K
  class space    used 327K, committed 384K, reserved 1048576K
}
Event: 2.663 GC heap before
{Heap before GC invocations=1 (full 0):
 garbage-first heap   total 63488K, used 17959K [0x00000000c2800000, 0x0000000100000000)
  region size 1024K, 13 young (13312K), 2 survivors (2048K)
 Metaspace       used 6099K, committed 6336K, reserved 1114112K
  class space    used 676K, committed 768K, reserved 1048576K
}
Event: 2.669 GC heap after
{Heap after GC invocations=2 (full 0):
 garbage-first heap   total 63488K, used 7385K [0x00000000c2800000, 0x0000000100000000)
  region size 1024K, 1 young (1024K), 1 survivors (1024K)
 Metaspace       used 6099K, committed 6336K, reserved 1114112K
  class space    used 676K, committed 768K, reserved 1048576K
}
Event: 4.834 GC heap before
{Heap before GC invocations=2 (full 0):
 garbage-first heap   total 63488K, used 34009K [0x00000000c2800000, 0x0000000100000000)
  region size 1024K, 28 young (28672K), 1 survivors (1024K)
 Metaspace       used 13526K, committed 13760K, reserved 1114112K
  class space    used 1566K, committed 1664K, reserved 1048576K
}
Event: 4.843 GC heap after
{Heap after GC invocations=3 (full 0):
 garbage-first heap   total 63488K, used 9782K [0x00000000c2800000, 0x0000000100000000)
  region size 1024K, 3 young (3072K), 3 survivors (3072K)
 Metaspace       used 13526K, committed 13760K, reserved 1114112K
  class space    used 1566K, committed 1664K, reserved 1048576K
}
Event: 7.284 GC heap before
{Heap before GC invocations=3 (full 0):
 garbage-first heap   total 63488K, used 43574K [0x00000000c2800000, 0x0000000100000000)
  region size 1024K, 36 young (36864K), 3 survivors (3072K)
 Metaspace       used 19542K, committed 19904K, reserved 1114112K
  class space    used 2340K, committed 2496K, reserved 1048576K
}
Event: 7.301 GC heap after
{Heap after GC invocations=4 (full 0):
 garbage-first heap   total 63488K, used 12820K [0x00000000c2800000, 0x0000000100000000)
  region size 1024K, 5 young (5120K), 5 survivors (5120K)
 Metaspace       used 19542K, committed 19904K, reserved 1114112K
  class space    used 2340K, committed 2496K, reserved 1048576K
}
Event: 8.247 GC heap before
{Heap before GC invocations=4 (full 0):
 garbage-first heap   total 63488K, used 28180K [0x00000000c2800000, 0x0000000100000000)
  region size 1024K, 21 young (21504K), 5 survivors (5120K)
 Metaspace       used 21233K, committed 21504K, reserved 1114112K
  class space    used 2556K, committed 2688K, reserved 1048576K
}
Event: 8.259 GC heap after
{Heap after GC invocations=5 (full 0):
 garbage-first heap   total 63488K, used 13921K [0x00000000c2800000, 0x0000000100000000)
  region size 1024K, 2 young (2048K), 2 survivors (2048K)
 Metaspace       used 21233K, committed 21504K, reserved 1114112K
  class space    used 2556K, committed 2688K, reserved 1048576K
}
Event: 10.428 GC heap before
{Heap before GC invocations=6 (full 0):
 garbage-first heap   total 55296K, used 44641K [0x00000000c2800000, 0x0000000100000000)
  region size 1024K, 32 young (32768K), 2 survivors (2048K)
 Metaspace       used 26544K, committed 27008K, reserved 1114112K
  class space    used 3317K, committed 3520K, reserved 1048576K
}
Event: 10.444 GC heap after
{Heap after GC invocations=7 (full 0):
 garbage-first heap   total 55296K, used 17131K [0x00000000c2800000, 0x0000000100000000)
  region size 1024K, 4 young (4096K), 4 survivors (4096K)
 Metaspace       used 26544K, committed 27008K, reserved 1114112K
  class space    used 3317K, committed 3520K, reserved 1048576K
}
Event: 12.326 GC heap before
{Heap before GC invocations=7 (full 0):
 garbage-first heap   total 55296K, used 43755K [0x00000000c2800000, 0x0000000100000000)
  region size 1024K, 30 young (30720K), 4 survivors (4096K)
 Metaspace       used 32330K, committed 32832K, reserved 1114112K
  class space    used 4013K, committed 4224K, reserved 1048576K
}
Event: 12.340 GC heap after
{Heap after GC invocations=8 (full 0):
 garbage-first heap   total 55296K, used 19670K [0x00000000c2800000, 0x0000000100000000)
  region size 1024K, 3 young (3072K), 3 survivors (3072K)
 Metaspace       used 32330K, committed 32832K, reserved 1114112K
  class space    used 4013K, committed 4224K, reserved 1048576K
}
Event: 14.835 GC heap before
{Heap before GC invocations=8 (full 0):
 garbage-first heap   total 55296K, used 35030K [0x00000000c2800000, 0x0000000100000000)
  region size 1024K, 19 young (19456K), 3 survivors (3072K)
 Metaspace       used 35592K, committed 36096K, reserved 1114112K
  class space    used 4464K, committed 4672K, reserved 1048576K
}
Event: 14.845 GC heap after
{Heap after GC invocations=9 (full 0):
 garbage-first heap   total 55296K, used 20675K [0x00000000c2800000, 0x0000000100000000)
  region size 1024K, 4 young (4096K), 4 survivors (4096K)
 Metaspace       used 35592K, committed 36096K, reserved 1114112K
  class space    used 4464K, committed 4672K, reserved 1048576K
}

