# JRE version: Java(TM) SE Runtime Environment (21.0.4+8) (build 21.0.4+8-LTS-274)
# Java VM: Java HotSpot(TM) 64-Bit Server VM (21.0.4+8-LTS-274, mixed mode, sharing, tiered, compressed oops, compressed class ptrs, g1 gc, windows-amd64)
GC Precious Log:
 CardTable entry size: 512
 Card Set container configuration: InlinePtr #cards 5 size 8 Array Of Cards #cards 12 size 40 Howl #buckets 4 coarsen threshold 1843 Howl Bitmap #cards 512 size 80 coarsen threshold 460 Card regions per heap region 1 cards per card region 2048
 CPUs: 4 total, 4 available
 Memory: 3933M
 Large Page Support: Disabled
 NUMA Support: Disabled
 Compressed Oops: Enabled (32-bit)
 Heap Region Size: 1M
 Heap Min Capacity: 8M
 Heap Initial Capacity: 62M
 Heap Max Capacity: 984M
 Pre-touch: Disabled
 Parallel Workers: 4
 Concurrent Workers: 1
 Concurrent Refinement Workers: 4
 Periodic GC: Disabled
Heap:
 garbage-first heap   total 55296K, used 33312K [0x00000000c2800000, 0x0000000100000000)
  region size 1024K, 7 young (7168K), 3 survivors (3072K)
 Metaspace       used 64748K, committed 65472K, reserved 1114112K
  class space    used 8849K, committed 9152K, reserved 1048576K
GC Heap History (20 events):
Event: 11.252 GC heap before
{Heap before GC invocations=4 (full 0):
 garbage-first heap   total 63488K, used 27360K [0x00000000c2800000, 0x0000000100000000)
  region size 1024K, 21 young (21504K), 5 survivors (5120K)
 Metaspace       used 21203K, committed 21504K, reserved 1114112K
  class space    used 2536K, committed 2688K, reserved 1048576K
}
Event: 11.267 GC heap after
{Heap after GC invocations=5 (full 0):
 garbage-first heap   total 63488K, used 14333K [0x00000000c2800000, 0x0000000100000000)
  region size 1024K, 2 young (2048K), 2 survivors (2048K)
 Metaspace       used 21203K, committed 21504K, reserved 1114112K
  class space    used 2536K, committed 2688K, reserved 1048576K
}
Event: 16.799 GC heap before
{Heap before GC invocations=6 (full 0):
 garbage-first heap   total 55296K, used 45053K [0x00000000c2800000, 0x0000000100000000)
  region size 1024K, 32 young (32768K), 2 survivors (2048K)
 Metaspace       used 26445K, committed 26880K, reserved 1114112K
  class space    used 3299K, committed 3520K, reserved 1048576K
}
Event: 16.810 GC heap after
{Heap after GC invocations=7 (full 0):
 garbage-first heap   total 55296K, used 17108K [0x00000000c2800000, 0x0000000100000000)
  region size 1024K, 4 young (4096K), 4 survivors (4096K)
 Metaspace       used 26445K, committed 26880K, reserved 1114112K
  class space    used 3299K, committed 3520K, reserved 1048576K
}
Event: 20.167 GC heap before
{Heap before GC invocations=7 (full 0):
 garbage-first heap   total 55296K, used 42708K [0x00000000c2800000, 0x0000000100000000)
  region size 1024K, 30 young (30720K), 4 survivors (4096K)
 Metaspace       used 32286K, committed 32832K, reserved 1114112K
  class space    used 3998K, committed 4224K, reserved 1048576K
}
Event: 20.182 GC heap after
{Heap after GC invocations=8 (full 0):
 garbage-first heap   total 55296K, used 19406K [0x00000000c2800000, 0x0000000100000000)
  region size 1024K, 3 young (3072K), 3 survivors (3072K)
 Metaspace       used 32286K, committed 32832K, reserved 1114112K
  class space    used 3998K, committed 4224K, reserved 1048576K
}
Event: 21.305 GC heap before
{Heap before GC invocations=8 (full 0):
 garbage-first heap   total 55296K, used 32718K [0x00000000c2800000, 0x0000000100000000)
  region size 1024K, 18 young (18432K), 3 survivors (3072K)
 Metaspace       used 35438K, committed 35968K, reserved 1114112K
  class space    used 4415K, committed 4672K, reserved 1048576K
}
Event: 21.314 GC heap after
{Heap after GC invocations=9 (full 0):
 garbage-first heap   total 55296K, used 20569K [0x00000000c2800000, 0x0000000100000000)
  region size 1024K, 2 young (2048K), 2 survivors (2048K)
 Metaspace       used 35438K, committed 35968K, reserved 1114112K
  class space    used 4415K, committed 4672K, reserved 1048576K
}
Event: 23.552 GC heap before
{Heap before GC invocations=10 (full 0):
 garbage-first heap   total 55296K, used 44121K [0x00000000c2800000, 0x0000000100000000)
  region size 1024K, 26 young (26624K), 2 survivors (2048K)
 Metaspace       used 41453K, committed 42048K, reserved 1114112K
  class space    used 5409K, committed 5632K, reserved 1048576K
}
Event: 23.561 GC heap after
{Heap after GC invocations=11 (full 0):
 garbage-first heap   total 55296K, used 22079K [0x00000000c2800000, 0x0000000100000000)
  region size 1024K, 3 young (3072K), 3 survivors (3072K)
 Metaspace       used 41453K, committed 42048K, reserved 1114112K
  class space    used 5409K, committed 5632K, reserved 1048576K
}
Event: 25.567 GC heap before
{Heap before GC invocations=11 (full 0):
 garbage-first heap   total 55296K, used 45631K [0x00000000c2800000, 0x0000000100000000)
  region size 1024K, 27 young (27648K), 3 survivors (3072K)
 Metaspace       used 48512K, committed 49088K, reserved 1114112K
  class space    used 6423K, committed 6656K, reserved 1048576K
}
Event: 25.577 GC heap after
{Heap after GC invocations=12 (full 0):
 garbage-first heap   total 55296K, used 23227K [0x00000000c2800000, 0x0000000100000000)
  region size 1024K, 3 young (3072K), 3 survivors (3072K)
 Metaspace       used 48512K, committed 49088K, reserved 1114112K
  class space    used 6423K, committed 6656K, reserved 1048576K
}
Event: 27.950 GC heap before
{Heap before GC invocations=12 (full 0):
 garbage-first heap   total 55296K, used 46779K [0x00000000c2800000, 0x0000000100000000)
  region size 1024K, 27 young (27648K), 3 survivors (3072K)
 Metaspace       used 54759K, committed 55424K, reserved 1114112K
  class space    used 7397K, committed 7680K, reserved 1048576K
}
Event: 27.961 GC heap after
{Heap after GC invocations=13 (full 0):
 garbage-first heap   total 55296K, used 24078K [0x00000000c2800000, 0x0000000100000000)
  region size 1024K, 3 young (3072K), 3 survivors (3072K)
 Metaspace       used 54759K, committed 55424K, reserved 1114112K
  class space    used 7397K, committed 7680K, reserved 1048576K
}
Event: 31.844 GC heap before
{Heap before GC invocations=13 (full 0):
 garbage-first heap   total 55296K, used 45582K [0x00000000c2800000, 0x0000000100000000)
  region size 1024K, 25 young (25600K), 3 survivors (3072K)
 Metaspace       used 59411K, committed 60160K, reserved 1114112K
  class space    used 8018K, committed 8384K, reserved 1048576K
}
Event: 31.855 GC heap after
{Heap after GC invocations=14 (full 0):
 garbage-first heap   total 55296K, used 26257K [0x00000000c2800000, 0x0000000100000000)
  region size 1024K, 4 young (4096K), 4 survivors (4096K)
 Metaspace       used 59411K, committed 60160K, reserved 1114112K
  class space    used 8018K, committed 8384K, reserved 1048576K
}
Event: 37.284 GC heap before
{Heap before GC invocations=15 (full 0):
 garbage-first heap   total 55296K, used 45713K [0x00000000c2800000, 0x0000000100000000)
  region size 1024K, 23 young (23552K), 4 survivors (4096K)
 Metaspace       used 62130K, committed 62784K, reserved 1114112K
  class space    used 8469K, committed 8768K, reserved 1048576K
}
Event: 37.299 GC heap after
{Heap after GC invocations=16 (full 0):
 garbage-first heap   total 55296K, used 28277K [0x00000000c2800000, 0x0000000100000000)
  region size 1024K, 3 young (3072K), 3 survivors (3072K)
 Metaspace       used 62130K, committed 62784K, reserved 1114112K
  class space    used 8469K, committed 8768K, reserved 1048576K
}
Event: 39.692 GC heap before
{Heap before GC invocations=16 (full 0):
 garbage-first heap   total 55296K, used 46709K [0x00000000c2800000, 0x0000000100000000)
  region size 1024K, 21 young (21504K), 3 survivors (3072K)
 Metaspace       used 64243K, committed 64960K, reserved 1114112K
  class space    used 8785K, committed 9088K, reserved 1048576K
}
Event: 39.706 GC heap after
{Heap after GC invocations=17 (full 0):
 garbage-first heap   total 55296K, used 30240K [0x00000000c2800000, 0x0000000100000000)
  region size 1024K, 3 young (3072K), 3 survivors (3072K)
 Metaspace       used 64243K, committed 64960K, reserved 1114112K
  class space    used 8785K, committed 9088K, reserved 1048576K
}

