# JRE version: Java(TM) SE Runtime Environment (21.0.4+8) (build 21.0.4+8-LTS-274)
# Java VM: Java HotSpot(TM) 64-Bit Server VM (21.0.4+8-LTS-274, mixed mode, sharing, tiered, compressed oops, compressed class ptrs, g1 gc, windows-amd64)
GC Precious Log:
 CardTable entry size: 512
 Card Set container configuration: InlinePtr #cards 5 size 8 Array Of Cards #cards 12 size 40 Howl #buckets 4 coarsen threshold 1843 Howl Bitmap #cards 512 size 80 coarsen threshold 460 Card regions per heap region 1 cards per card region 2048
 CPUs: 4 total, 4 available
 Memory: 3933M
 Large Page Support: Disabled
 NUMA Support: Disabled
 Compressed Oops: Enabled (32-bit)
 Heap Region Size: 1M
 Heap Min Capacity: 8M
 Heap Initial Capacity: 62M
 Heap Max Capacity: 984M
 Pre-touch: Disabled
 Parallel Workers: 4
 Concurrent Workers: 1
 Concurrent Refinement Workers: 4
 Periodic GC: Disabled
Heap:
 garbage-first heap   total 55296K, used 24763K [0x00000000c2800000, 0x0000000100000000)
  region size 1024K, 7 young (7168K), 2 survivors (2048K)
 Metaspace       used 36783K, committed 37312K, reserved 1114112K
  class space    used 4642K, committed 4864K, reserved 1048576K
GC Heap History (16 events):
Event: 2.325 GC heap before
{Heap before GC invocations=0 (full 0):
 garbage-first heap   total 63488K, used 13312K [0x00000000c2800000, 0x0000000100000000)
  region size 1024K, 13 young (13312K), 0 survivors (0K)
 Metaspace       used 3491K, committed 3648K, reserved 1114112K
  class space    used 326K, committed 384K, reserved 1048576K
}
Event: 2.335 GC heap after
{Heap after GC invocations=1 (full 0):
 garbage-first heap   total 63488K, used 6784K [0x00000000c2800000, 0x0000000100000000)
  region size 1024K, 2 young (2048K), 2 survivors (2048K)
 Metaspace       used 3491K, committed 3648K, reserved 1114112K
  class space    used 326K, committed 384K, reserved 1048576K
}
Event: 3.196 GC heap before
{Heap before GC invocations=1 (full 0):
 garbage-first heap   total 63488K, used 19072K [0x00000000c2800000, 0x0000000100000000)
  region size 1024K, 14 young (14336K), 2 survivors (2048K)
 Metaspace       used 6408K, committed 6592K, reserved 1114112K
  class space    used 714K, committed 768K, reserved 1048576K
}
Event: 3.201 GC heap after
{Heap after GC invocations=2 (full 0):
 garbage-first heap   total 63488K, used 7700K [0x00000000c2800000, 0x0000000100000000)
  region size 1024K, 1 young (1024K), 1 survivors (1024K)
 Metaspace       used 6408K, committed 6592K, reserved 1114112K
  class space    used 714K, committed 768K, reserved 1048576K
}
Event: 5.486 GC heap before
{Heap before GC invocations=2 (full 0):
 garbage-first heap   total 63488K, used 34324K [0x00000000c2800000, 0x0000000100000000)
  region size 1024K, 28 young (28672K), 1 survivors (1024K)
 Metaspace       used 14022K, committed 14272K, reserved 1114112K
  class space    used 1638K, committed 1728K, reserved 1048576K
}
Event: 5.492 GC heap after
{Heap after GC invocations=3 (full 0):
 garbage-first heap   total 63488K, used 10155K [0x00000000c2800000, 0x0000000100000000)
  region size 1024K, 4 young (4096K), 4 survivors (4096K)
 Metaspace       used 14022K, committed 14272K, reserved 1114112K
  class space    used 1638K, committed 1728K, reserved 1048576K
}
Event: 7.046 GC heap before
{Heap before GC invocations=3 (full 0):
 garbage-first heap   total 63488K, used 41899K [0x00000000c2800000, 0x0000000100000000)
  region size 1024K, 36 young (36864K), 4 survivors (4096K)
 Metaspace       used 19586K, committed 19904K, reserved 1114112K
  class space    used 2347K, committed 2496K, reserved 1048576K
}
Event: 7.057 GC heap after
{Heap after GC invocations=4 (full 0):
 garbage-first heap   total 63488K, used 13138K [0x00000000c2800000, 0x0000000100000000)
  region size 1024K, 5 young (5120K), 5 survivors (5120K)
 Metaspace       used 19586K, committed 19904K, reserved 1114112K
  class space    used 2347K, committed 2496K, reserved 1048576K
}
Event: 8.170 GC heap before
{Heap before GC invocations=4 (full 0):
 garbage-first heap   total 63488K, used 26450K [0x00000000c2800000, 0x0000000100000000)
  region size 1024K, 20 young (20480K), 5 survivors (5120K)
 Metaspace       used 21212K, committed 21504K, reserved 1114112K
  class space    used 2536K, committed 2688K, reserved 1048576K
}
Event: 8.180 GC heap after
{Heap after GC invocations=5 (full 0):
 garbage-first heap   total 63488K, used 14262K [0x00000000c2800000, 0x0000000100000000)
  region size 1024K, 2 young (2048K), 2 survivors (2048K)
 Metaspace       used 21212K, committed 21504K, reserved 1114112K
  class space    used 2536K, committed 2688K, reserved 1048576K
}
Event: 10.045 GC heap before
{Heap before GC invocations=6 (full 0):
 garbage-first heap   total 55296K, used 44982K [0x00000000c2800000, 0x0000000100000000)
  region size 1024K, 32 young (32768K), 2 survivors (2048K)
 Metaspace       used 26420K, committed 26880K, reserved 1114112K
  class space    used 3299K, committed 3520K, reserved 1048576K
}
Event: 10.053 GC heap after
{Heap after GC invocations=7 (full 0):
 garbage-first heap   total 55296K, used 17080K [0x00000000c2800000, 0x0000000100000000)
  region size 1024K, 4 young (4096K), 4 survivors (4096K)
 Metaspace       used 26420K, committed 26880K, reserved 1114112K
  class space    used 3299K, committed 3520K, reserved 1048576K
}
Event: 11.588 GC heap before
{Heap before GC invocations=7 (full 0):
 garbage-first heap   total 55296K, used 43704K [0x00000000c2800000, 0x0000000100000000)
  region size 1024K, 30 young (30720K), 4 survivors (4096K)
 Metaspace       used 32151K, committed 32704K, reserved 1114112K
  class space    used 3990K, committed 4224K, reserved 1048576K
}
Event: 11.598 GC heap after
{Heap after GC invocations=8 (full 0):
 garbage-first heap   total 55296K, used 19128K [0x00000000c2800000, 0x0000000100000000)
  region size 1024K, 3 young (3072K), 3 survivors (3072K)
 Metaspace       used 32151K, committed 32704K, reserved 1114112K
  class space    used 3990K, committed 4224K, reserved 1048576K
}
Event: 12.883 GC heap before
{Heap before GC invocations=8 (full 0):
 garbage-first heap   total 55296K, used 34488K [0x00000000c2800000, 0x0000000100000000)
  region size 1024K, 19 young (19456K), 3 survivors (3072K)
 Metaspace       used 35583K, committed 36096K, reserved 1114112K
  class space    used 4448K, committed 4672K, reserved 1048576K
}
Event: 12.890 GC heap after
{Heap after GC invocations=9 (full 0):
 garbage-first heap   total 55296K, used 20667K [0x00000000c2800000, 0x0000000100000000)
  region size 1024K, 2 young (2048K), 2 survivors (2048K)
 Metaspace       used 35583K, committed 36096K, reserved 1114112K
  class space    used 4448K, committed 4672K, reserved 1048576K
}

