# JRE version: Java(TM) SE Runtime Environment (21.0.4+8) (build 21.0.4+8-LTS-274)
# Java VM: Java HotSpot(TM) 64-Bit Server VM (21.0.4+8-LTS-274, mixed mode, sharing, tiered, compressed oops, compressed class ptrs, g1 gc, windows-amd64)
GC Precious Log:
 CardTable entry size: 512
 Card Set container configuration: InlinePtr #cards 5 size 8 Array Of Cards #cards 12 size 40 Howl #buckets 4 coarsen threshold 1843 Howl Bitmap #cards 512 size 80 coarsen threshold 460 Card regions per heap region 1 cards per card region 2048
 CPUs: 4 total, 4 available
 Memory: 3933M
 Large Page Support: Disabled
 NUMA Support: Disabled
 Compressed Oops: Enabled (32-bit)
 Heap Region Size: 1M
 Heap Min Capacity: 8M
 Heap Initial Capacity: 62M
 Heap Max Capacity: 984M
 Pre-touch: Disabled
 Parallel Workers: 4
 Concurrent Workers: 1
 Concurrent Refinement Workers: 4
 Periodic GC: Disabled
Heap:
 garbage-first heap   total 63488K, used 41906K [0x00000000c2800000, 0x0000000100000000)
  region size 1024K, 8 young (8192K), 1 survivors (1024K)
 Metaspace       used 73003K, committed 73792K, reserved 1114112K
  class space    used 10080K, committed 10432K, reserved 1048576K
GC Heap History (20 events):
Event: 15.765 GC heap before
{Heap before GC invocations=11 (full 0):
 garbage-first heap   total 55296K, used 46814K [0x00000000c2800000, 0x0000000100000000)
  region size 1024K, 28 young (28672K), 3 survivors (3072K)
 Metaspace       used 49488K, committed 50048K, reserved 1114112K
  class space    used 6562K, committed 6784K, reserved 1048576K
}
Event: 15.776 GC heap after
{Heap after GC invocations=12 (full 0):
 garbage-first heap   total 55296K, used 23533K [0x00000000c2800000, 0x0000000100000000)
  region size 1024K, 4 young (4096K), 4 survivors (4096K)
 Metaspace       used 49488K, committed 50048K, reserved 1114112K
  class space    used 6562K, committed 6784K, reserved 1048576K
}
Event: 16.788 GC heap before
{Heap before GC invocations=12 (full 0):
 garbage-first heap   total 55296K, used 45037K [0x00000000c2800000, 0x0000000100000000)
  region size 1024K, 26 young (26624K), 4 survivors (4096K)
 Metaspace       used 54272K, committed 54848K, reserved 1114112K
  class space    used 7359K, committed 7616K, reserved 1048576K
}
Event: 16.796 GC heap after
{Heap after GC invocations=13 (full 0):
 garbage-first heap   total 55296K, used 24376K [0x00000000c2800000, 0x0000000100000000)
  region size 1024K, 3 young (3072K), 3 survivors (3072K)
 Metaspace       used 54272K, committed 54848K, reserved 1114112K
  class space    used 7359K, committed 7616K, reserved 1048576K
}
Event: 17.812 GC heap before
{Heap before GC invocations=13 (full 0):
 garbage-first heap   total 55296K, used 45880K [0x00000000c2800000, 0x0000000100000000)
  region size 1024K, 25 young (25600K), 3 survivors (3072K)
 Metaspace       used 58859K, committed 59584K, reserved 1114112K
  class space    used 7920K, committed 8256K, reserved 1048576K
}
Event: 17.823 GC heap after
{Heap after GC invocations=14 (full 0):
 garbage-first heap   total 55296K, used 26811K [0x00000000c2800000, 0x0000000100000000)
  region size 1024K, 4 young (4096K), 4 survivors (4096K)
 Metaspace       used 58859K, committed 59584K, reserved 1114112K
  class space    used 7920K, committed 8256K, reserved 1048576K
}
Event: 17.936 GC heap before
{Heap before GC invocations=14 (full 0):
 garbage-first heap   total 55296K, used 28859K [0x00000000c2800000, 0x0000000100000000)
  region size 1024K, 7 young (7168K), 4 survivors (4096K)
 Metaspace       used 59419K, committed 60096K, reserved 1114112K
  class space    used 7989K, committed 8320K, reserved 1048576K
}
Event: 17.944 GC heap after
{Heap after GC invocations=15 (full 0):
 garbage-first heap   total 55296K, used 27296K [0x00000000c2800000, 0x0000000100000000)
  region size 1024K, 1 young (1024K), 1 survivors (1024K)
 Metaspace       used 59419K, committed 60096K, reserved 1114112K
  class space    used 7989K, committed 8320K, reserved 1048576K
}
Event: 18.851 GC heap before
{Heap before GC invocations=16 (full 0):
 garbage-first heap   total 55296K, used 47776K [0x00000000c2800000, 0x0000000100000000)
  region size 1024K, 22 young (22528K), 1 survivors (1024K)
 Metaspace       used 61790K, committed 62464K, reserved 1114112K
  class space    used 8565K, committed 8896K, reserved 1048576K
}
Event: 18.858 GC heap after
{Heap after GC invocations=17 (full 0):
 garbage-first heap   total 55296K, used 29024K [0x00000000c2800000, 0x0000000100000000)
  region size 1024K, 3 young (3072K), 3 survivors (3072K)
 Metaspace       used 61790K, committed 62464K, reserved 1114112K
  class space    used 8565K, committed 8896K, reserved 1048576K
}
Event: 19.770 GC heap before
{Heap before GC invocations=17 (full 0):
 garbage-first heap   total 55296K, used 46432K [0x00000000c2800000, 0x0000000100000000)
  region size 1024K, 21 young (21504K), 3 survivors (3072K)
 Metaspace       used 65085K, committed 65728K, reserved 1114112K
  class space    used 9034K, committed 9344K, reserved 1048576K
}
Event: 19.781 GC heap after
{Heap after GC invocations=18 (full 0):
 garbage-first heap   total 55296K, used 30079K [0x00000000c2800000, 0x0000000100000000)
  region size 1024K, 2 young (2048K), 2 survivors (2048K)
 Metaspace       used 65085K, committed 65728K, reserved 1114112K
  class space    used 9034K, committed 9344K, reserved 1048576K
}
Event: 20.841 GC heap before
{Heap before GC invocations=18 (full 0):
 garbage-first heap   total 55296K, used 48511K [0x00000000c2800000, 0x0000000100000000)
  region size 1024K, 20 young (20480K), 2 survivors (2048K)
 Metaspace       used 67522K, committed 68224K, reserved 1114112K
  class space    used 9379K, committed 9728K, reserved 1048576K
}
Event: 20.852 GC heap after
{Heap after GC invocations=19 (full 0):
 garbage-first heap   total 55296K, used 32246K [0x00000000c2800000, 0x0000000100000000)
  region size 1024K, 3 young (3072K), 3 survivors (3072K)
 Metaspace       used 67522K, committed 68224K, reserved 1114112K
  class space    used 9379K, committed 9728K, reserved 1048576K
}
Event: 33.996 GC heap before
{Heap before GC invocations=20 (full 0):
 garbage-first heap   total 60416K, used 46582K [0x00000000c2800000, 0x0000000100000000)
  region size 1024K, 17 young (17408K), 3 survivors (3072K)
 Metaspace       used 70088K, committed 70784K, reserved 1114112K
  class space    used 9734K, committed 10048K, reserved 1048576K
}
Event: 34.007 GC heap after
{Heap after GC invocations=21 (full 0):
 garbage-first heap   total 60416K, used 33556K [0x00000000c2800000, 0x0000000100000000)
  region size 1024K, 2 young (2048K), 2 survivors (2048K)
 Metaspace       used 70088K, committed 70784K, reserved 1114112K
  class space    used 9734K, committed 10048K, reserved 1048576K
}
Event: 134.754 GC heap before
{Heap before GC invocations=21 (full 0):
 garbage-first heap   total 60416K, used 53012K [0x00000000c2800000, 0x0000000100000000)
  region size 1024K, 21 young (21504K), 2 survivors (2048K)
 Metaspace       used 72832K, committed 73600K, reserved 1114112K
  class space    used 10061K, committed 10432K, reserved 1048576K
}
Event: 134.771 GC heap after
{Heap after GC invocations=22 (full 0):
 garbage-first heap   total 60416K, used 34907K [0x00000000c2800000, 0x0000000100000000)
  region size 1024K, 3 young (3072K), 3 survivors (3072K)
 Metaspace       used 72832K, committed 73600K, reserved 1114112K
  class space    used 10061K, committed 10432K, reserved 1048576K
}
Event: 402.484 GC heap before
{Heap before GC invocations=22 (full 0):
 garbage-first heap   total 60416K, used 52315K [0x00000000c2800000, 0x0000000100000000)
  region size 1024K, 20 young (20480K), 3 survivors (3072K)
 Metaspace       used 72899K, committed 73664K, reserved 1114112K
  class space    used 10061K, committed 10432K, reserved 1048576K
}
Event: 402.763 GC heap after
{Heap after GC invocations=23 (full 0):
 garbage-first heap   total 60416K, used 35762K [0x00000000c2800000, 0x0000000100000000)
  region size 1024K, 1 young (1024K), 1 survivors (1024K)
 Metaspace       used 72899K, committed 73664K, reserved 1114112K
  class space    used 10061K, committed 10432K, reserved 1048576K
}

