# JRE version: Java(TM) SE Runtime Environment (21.0.4+8) (build 21.0.4+8-LTS-274)
# Java VM: Java HotSpot(TM) 64-Bit Server VM (21.0.4+8-LTS-274, mixed mode, sharing, tiered, compressed oops, compressed class ptrs, g1 gc, windows-amd64)
GC Precious Log:
 CardTable entry size: 512
 Card Set container configuration: InlinePtr #cards 5 size 8 Array Of Cards #cards 12 size 40 Howl #buckets 4 coarsen threshold 1843 Howl Bitmap #cards 512 size 80 coarsen threshold 460 Card regions per heap region 1 cards per card region 2048
 CPUs: 4 total, 4 available
 Memory: 3933M
 Large Page Support: Disabled
 NUMA Support: Disabled
 Compressed Oops: Enabled (32-bit)
 Heap Region Size: 1M
 Heap Min Capacity: 8M
 Heap Initial Capacity: 62M
 Heap Max Capacity: 984M
 Pre-touch: Disabled
 Parallel Workers: 4
 Concurrent Workers: 1
 Concurrent Refinement Workers: 4
 Periodic GC: Disabled
Heap:
 garbage-first heap   total 55296K, used 28148K [0x00000000c2800000, 0x0000000100000000)
  region size 1024K, 10 young (10240K), 1 survivors (1024K)
 Metaspace       used 38123K, committed 38656K, reserved 1114112K
  class space    used 4712K, committed 4928K, reserved 1048576K
GC Heap History (16 events):
Event: 1.375 GC heap before
{Heap before GC invocations=0 (full 0):
 garbage-first heap   total 63488K, used 13312K [0x00000000c2800000, 0x0000000100000000)
  region size 1024K, 13 young (13312K), 0 survivors (0K)
 Metaspace       used 3436K, committed 3648K, reserved 1114112K
  class space    used 321K, committed 384K, reserved 1048576K
}
Event: 1.385 GC heap after
{Heap after GC invocations=1 (full 0):
 garbage-first heap   total 63488K, used 6929K [0x00000000c2800000, 0x0000000100000000)
  region size 1024K, 2 young (2048K), 2 survivors (2048K)
 Metaspace       used 3436K, committed 3648K, reserved 1114112K
  class space    used 321K, committed 384K, reserved 1048576K
}
Event: 2.518 GC heap before
{Heap before GC invocations=1 (full 0):
 garbage-first heap   total 63488K, used 17169K [0x00000000c2800000, 0x0000000100000000)
  region size 1024K, 13 young (13312K), 2 survivors (2048K)
 Metaspace       used 6083K, committed 6272K, reserved 1114112K
  class space    used 670K, committed 768K, reserved 1048576K
}
Event: 2.523 GC heap after
{Heap after GC invocations=2 (full 0):
 garbage-first heap   total 63488K, used 7784K [0x00000000c2800000, 0x0000000100000000)
  region size 1024K, 1 young (1024K), 1 survivors (1024K)
 Metaspace       used 6083K, committed 6272K, reserved 1114112K
  class space    used 670K, committed 768K, reserved 1048576K
}
Event: 4.141 GC heap before
{Heap before GC invocations=2 (full 0):
 garbage-first heap   total 63488K, used 35432K [0x00000000c2800000, 0x0000000100000000)
  region size 1024K, 28 young (28672K), 1 survivors (1024K)
 Metaspace       used 13459K, committed 13696K, reserved 1114112K
  class space    used 1557K, committed 1664K, reserved 1048576K
}
Event: 4.146 GC heap after
{Heap after GC invocations=3 (full 0):
 garbage-first heap   total 63488K, used 10116K [0x00000000c2800000, 0x0000000100000000)
  region size 1024K, 3 young (3072K), 3 survivors (3072K)
 Metaspace       used 13459K, committed 13696K, reserved 1114112K
  class space    used 1557K, committed 1664K, reserved 1048576K
}
Event: 6.471 GC heap before
{Heap before GC invocations=3 (full 0):
 garbage-first heap   total 63488K, used 42884K [0x00000000c2800000, 0x0000000100000000)
  region size 1024K, 36 young (36864K), 3 survivors (3072K)
 Metaspace       used 19403K, committed 19712K, reserved 1114112K
  class space    used 2312K, committed 2496K, reserved 1048576K
}
Event: 6.481 GC heap after
{Heap after GC invocations=4 (full 0):
 garbage-first heap   total 63488K, used 13131K [0x00000000c2800000, 0x0000000100000000)
  region size 1024K, 5 young (5120K), 5 survivors (5120K)
 Metaspace       used 19403K, committed 19712K, reserved 1114112K
  class space    used 2312K, committed 2496K, reserved 1048576K
}
Event: 7.434 GC heap before
{Heap before GC invocations=4 (full 0):
 garbage-first heap   total 63488K, used 29515K [0x00000000c2800000, 0x0000000100000000)
  region size 1024K, 22 young (22528K), 5 survivors (5120K)
 Metaspace       used 21234K, committed 21504K, reserved 1114112K
  class space    used 2546K, committed 2688K, reserved 1048576K
}
Event: 7.444 GC heap after
{Heap after GC invocations=5 (full 0):
 garbage-first heap   total 63488K, used 14339K [0x00000000c2800000, 0x0000000100000000)
  region size 1024K, 2 young (2048K), 2 survivors (2048K)
 Metaspace       used 21234K, committed 21504K, reserved 1114112K
  class space    used 2546K, committed 2688K, reserved 1048576K
}
Event: 10.081 GC heap before
{Heap before GC invocations=6 (full 0):
 garbage-first heap   total 55296K, used 44035K [0x00000000c2800000, 0x0000000100000000)
  region size 1024K, 32 young (32768K), 2 survivors (2048K)
 Metaspace       used 26533K, committed 27008K, reserved 1114112K
  class space    used 3303K, committed 3520K, reserved 1048576K
}
Event: 10.090 GC heap after
{Heap after GC invocations=7 (full 0):
 garbage-first heap   total 55296K, used 17501K [0x00000000c2800000, 0x0000000100000000)
  region size 1024K, 4 young (4096K), 4 survivors (4096K)
 Metaspace       used 26533K, committed 27008K, reserved 1114112K
  class space    used 3303K, committed 3520K, reserved 1048576K
}
Event: 11.839 GC heap before
{Heap before GC invocations=7 (full 0):
 garbage-first heap   total 55296K, used 43101K [0x00000000c2800000, 0x0000000100000000)
  region size 1024K, 30 young (30720K), 4 survivors (4096K)
 Metaspace       used 32300K, committed 32896K, reserved 1114112K
  class space    used 3970K, committed 4224K, reserved 1048576K
}
Event: 11.853 GC heap after
{Heap after GC invocations=8 (full 0):
 garbage-first heap   total 55296K, used 20112K [0x00000000c2800000, 0x0000000100000000)
  region size 1024K, 3 young (3072K), 3 survivors (3072K)
 Metaspace       used 32300K, committed 32896K, reserved 1114112K
  class space    used 3970K, committed 4224K, reserved 1048576K
}
Event: 12.350 GC heap before
{Heap before GC invocations=8 (full 0):
 garbage-first heap   total 55296K, used 32400K [0x00000000c2800000, 0x0000000100000000)
  region size 1024K, 17 young (17408K), 3 survivors (3072K)
 Metaspace       used 35438K, committed 35968K, reserved 1114112K
  class space    used 4380K, committed 4608K, reserved 1048576K
}
Event: 12.355 GC heap after
{Heap after GC invocations=9 (full 0):
 garbage-first heap   total 55296K, used 20980K [0x00000000c2800000, 0x0000000100000000)
  region size 1024K, 1 young (1024K), 1 survivors (1024K)
 Metaspace       used 35438K, committed 35968K, reserved 1114112K
  class space    used 4380K, committed 4608K, reserved 1048576K
}

