# JRE version: Java(TM) SE Runtime Environment (21.0.4+8) (build 21.0.4+8-LTS-274)
# Java VM: Java HotSpot(TM) 64-Bit Server VM (21.0.4+8-LTS-274, mixed mode, sharing, tiered, compressed oops, compressed class ptrs, g1 gc, windows-amd64)
GC Precious Log:
 CardTable entry size: 512
 Card Set container configuration: InlinePtr #cards 5 size 8 Array Of Cards #cards 12 size 40 Howl #buckets 4 coarsen threshold 1843 Howl Bitmap #cards 512 size 80 coarsen threshold 460 Card regions per heap region 1 cards per card region 2048
 CPUs: 4 total, 4 available
 Memory: 3933M
 Large Page Support: Disabled
 NUMA Support: Disabled
 Compressed Oops: Enabled (32-bit)
 Heap Region Size: 1M
 Heap Min Capacity: 8M
 Heap Initial Capacity: 62M
 Heap Max Capacity: 984M
 Pre-touch: Disabled
 Parallel Workers: 4
 Concurrent Workers: 1
 Concurrent Refinement Workers: 4
 Periodic GC: Disabled
Heap:
 garbage-first heap   total 55296K, used 38080K [0x00000000c2800000, 0x0000000100000000)
  region size 1024K, 26 young (26624K), 4 survivors (4096K)
 Metaspace       used 30466K, committed 30976K, reserved 1114112K
  class space    used 3811K, committed 4032K, reserved 1048576K
GC Heap History (12 events):
Event: 2.385 GC heap before
{Heap before GC invocations=0 (full 0):
 garbage-first heap   total 63488K, used 14336K [0x00000000c2800000, 0x0000000100000000)
  region size 1024K, 13 young (13312K), 0 survivors (0K)
 Metaspace       used 3501K, committed 3648K, reserved 1114112K
  class space    used 325K, committed 384K, reserved 1048576K
}
Event: 2.401 GC heap after
{Heap after GC invocations=1 (full 0):
 garbage-first heap   total 63488K, used 6720K [0x00000000c2800000, 0x0000000100000000)
  region size 1024K, 2 young (2048K), 2 survivors (2048K)
 Metaspace       used 3501K, committed 3648K, reserved 1114112K
  class space    used 325K, committed 384K, reserved 1048576K
}
Event: 3.634 GC heap before
{Heap before GC invocations=1 (full 0):
 garbage-first heap   total 63488K, used 17984K [0x00000000c2800000, 0x0000000100000000)
  region size 1024K, 13 young (13312K), 2 survivors (2048K)
 Metaspace       used 6108K, committed 6336K, reserved 1114112K
  class space    used 675K, committed 768K, reserved 1048576K
}
Event: 3.642 GC heap after
{Heap after GC invocations=2 (full 0):
 garbage-first heap   total 63488K, used 7607K [0x00000000c2800000, 0x0000000100000000)
  region size 1024K, 1 young (1024K), 1 survivors (1024K)
 Metaspace       used 6108K, committed 6336K, reserved 1114112K
  class space    used 675K, committed 768K, reserved 1048576K
}
Event: 6.211 GC heap before
{Heap before GC invocations=2 (full 0):
 garbage-first heap   total 63488K, used 34231K [0x00000000c2800000, 0x0000000100000000)
  region size 1024K, 28 young (28672K), 1 survivors (1024K)
 Metaspace       used 13729K, committed 14016K, reserved 1114112K
  class space    used 1591K, committed 1728K, reserved 1048576K
}
Event: 6.219 GC heap after
{Heap after GC invocations=3 (full 0):
 garbage-first heap   total 63488K, used 10202K [0x00000000c2800000, 0x0000000100000000)
  region size 1024K, 4 young (4096K), 4 survivors (4096K)
 Metaspace       used 13729K, committed 14016K, reserved 1114112K
  class space    used 1591K, committed 1728K, reserved 1048576K
}
Event: 8.478 GC heap before
{Heap before GC invocations=3 (full 0):
 garbage-first heap   total 63488K, used 41946K [0x00000000c2800000, 0x0000000100000000)
  region size 1024K, 36 young (36864K), 4 survivors (4096K)
 Metaspace       used 19609K, committed 19904K, reserved 1114112K
  class space    used 2346K, committed 2496K, reserved 1048576K
}
Event: 8.491 GC heap after
{Heap after GC invocations=4 (full 0):
 garbage-first heap   total 63488K, used 13178K [0x00000000c2800000, 0x0000000100000000)
  region size 1024K, 5 young (5120K), 5 survivors (5120K)
 Metaspace       used 19609K, committed 19904K, reserved 1114112K
  class space    used 2346K, committed 2496K, reserved 1048576K
}
Event: 9.572 GC heap before
{Heap before GC invocations=4 (full 0):
 garbage-first heap   total 63488K, used 27514K [0x00000000c2800000, 0x0000000100000000)
  region size 1024K, 20 young (20480K), 5 survivors (5120K)
 Metaspace       used 21209K, committed 21504K, reserved 1114112K
  class space    used 2545K, committed 2688K, reserved 1048576K
}
Event: 9.585 GC heap after
{Heap after GC invocations=5 (full 0):
 garbage-first heap   total 63488K, used 14762K [0x00000000c2800000, 0x0000000100000000)
  region size 1024K, 2 young (2048K), 2 survivors (2048K)
 Metaspace       used 21209K, committed 21504K, reserved 1114112K
  class space    used 2545K, committed 2688K, reserved 1048576K
}
Event: 13.079 GC heap before
{Heap before GC invocations=6 (full 0):
 garbage-first heap   total 55296K, used 45482K [0x00000000c2800000, 0x0000000100000000)
  region size 1024K, 32 young (32768K), 2 survivors (2048K)
 Metaspace       used 26500K, committed 27008K, reserved 1114112K
  class space    used 3310K, committed 3520K, reserved 1048576K
}
Event: 13.090 GC heap after
{Heap after GC invocations=7 (full 0):
 garbage-first heap   total 55296K, used 17600K [0x00000000c2800000, 0x0000000100000000)
  region size 1024K, 4 young (4096K), 4 survivors (4096K)
 Metaspace       used 26500K, committed 27008K, reserved 1114112K
  class space    used 3310K, committed 3520K, reserved 1048576K
}

