# JRE version: Java(TM) SE Runtime Environment (21.0.4+8) (build 21.0.4+8-LTS-274)
# Java VM: Java HotSpot(TM) 64-Bit Server VM (21.0.4+8-LTS-274, mixed mode, sharing, tiered, compressed oops, compressed class ptrs, g1 gc, windows-amd64)
GC Precious Log:
 CardTable entry size: 512
 Card Set container configuration: InlinePtr #cards 5 size 8 Array Of Cards #cards 12 size 40 Howl #buckets 4 coarsen threshold 1843 Howl Bitmap #cards 512 size 80 coarsen threshold 460 Card regions per heap region 1 cards per card region 2048
 CPUs: 4 total, 4 available
 Memory: 3933M
 Large Page Support: Disabled
 NUMA Support: Disabled
 Compressed Oops: Enabled (32-bit)
 Heap Region Size: 1M
 Heap Min Capacity: 8M
 Heap Initial Capacity: 62M
 Heap Max Capacity: 984M
 Pre-touch: Disabled
 Parallel Workers: 4
 Concurrent Workers: 1
 Concurrent Refinement Workers: 4
 Periodic GC: Disabled
Heap:
 garbage-first heap   total 55296K, used 37726K [0x00000000c2800000, 0x0000000100000000)
  region size 1024K, 18 young (18432K), 3 survivors (3072K)
 Metaspace       used 58286K, committed 59008K, reserved 1114112K
  class space    used 7864K, committed 8192K, reserved 1048576K
GC Heap History (20 events):
Event: 9.763 GC heap before
{Heap before GC invocations=1 (full 0):
 garbage-first heap   total 63488K, used 16615K [0x00000000c2800000, 0x0000000100000000)
  region size 1024K, 13 young (13312K), 2 survivors (2048K)
 Metaspace       used 6053K, committed 6272K, reserved 1114112K
  class space    used 691K, committed 768K, reserved 1048576K
}
Event: 9.771 GC heap after
{Heap after GC invocations=2 (full 0):
 garbage-first heap   total 63488K, used 7223K [0x00000000c2800000, 0x0000000100000000)
  region size 1024K, 1 young (1024K), 1 survivors (1024K)
 Metaspace       used 6053K, committed 6272K, reserved 1114112K
  class space    used 691K, committed 768K, reserved 1048576K
}
Event: 12.196 GC heap before
{Heap before GC invocations=2 (full 0):
 garbage-first heap   total 63488K, used 33847K [0x00000000c2800000, 0x0000000100000000)
  region size 1024K, 28 young (28672K), 1 survivors (1024K)
 Metaspace       used 13455K, committed 13696K, reserved 1114112K
  class space    used 1564K, committed 1664K, reserved 1048576K
}
Event: 12.203 GC heap after
{Heap after GC invocations=3 (full 0):
 garbage-first heap   total 63488K, used 10001K [0x00000000c2800000, 0x0000000100000000)
  region size 1024K, 4 young (4096K), 4 survivors (4096K)
 Metaspace       used 13455K, committed 13696K, reserved 1114112K
  class space    used 1564K, committed 1664K, reserved 1048576K
}
Event: 15.996 GC heap before
{Heap before GC invocations=3 (full 0):
 garbage-first heap   total 63488K, used 41745K [0x00000000c2800000, 0x0000000100000000)
  region size 1024K, 36 young (36864K), 4 survivors (4096K)
 Metaspace       used 19521K, committed 19840K, reserved 1114112K
  class space    used 2339K, committed 2496K, reserved 1048576K
}
Event: 16.007 GC heap after
{Heap after GC invocations=4 (full 0):
 garbage-first heap   total 63488K, used 13198K [0x00000000c2800000, 0x0000000100000000)
  region size 1024K, 4 young (4096K), 4 survivors (4096K)
 Metaspace       used 19521K, committed 19840K, reserved 1114112K
  class space    used 2339K, committed 2496K, reserved 1048576K
}
Event: 16.741 GC heap before
{Heap before GC invocations=4 (full 0):
 garbage-first heap   total 63488K, used 27534K [0x00000000c2800000, 0x0000000100000000)
  region size 1024K, 20 young (20480K), 4 survivors (4096K)
 Metaspace       used 21188K, committed 21504K, reserved 1114112K
  class space    used 2533K, committed 2688K, reserved 1048576K
}
Event: 16.750 GC heap after
{Heap after GC invocations=5 (full 0):
 garbage-first heap   total 63488K, used 14354K [0x00000000c2800000, 0x0000000100000000)
  region size 1024K, 2 young (2048K), 2 survivors (2048K)
 Metaspace       used 21188K, committed 21504K, reserved 1114112K
  class space    used 2533K, committed 2688K, reserved 1048576K
}
Event: 19.209 GC heap before
{Heap before GC invocations=6 (full 0):
 garbage-first heap   total 55296K, used 45074K [0x00000000c2800000, 0x0000000100000000)
  region size 1024K, 32 young (32768K), 2 survivors (2048K)
 Metaspace       used 26431K, committed 26880K, reserved 1114112K
  class space    used 3299K, committed 3520K, reserved 1048576K
}
Event: 19.218 GC heap after
{Heap after GC invocations=7 (full 0):
 garbage-first heap   total 55296K, used 17235K [0x00000000c2800000, 0x0000000100000000)
  region size 1024K, 4 young (4096K), 4 survivors (4096K)
 Metaspace       used 26431K, committed 26880K, reserved 1114112K
  class space    used 3299K, committed 3520K, reserved 1048576K
}
Event: 21.165 GC heap before
{Heap before GC invocations=7 (full 0):
 garbage-first heap   total 55296K, used 43859K [0x00000000c2800000, 0x0000000100000000)
  region size 1024K, 30 young (30720K), 4 survivors (4096K)
 Metaspace       used 32264K, committed 32832K, reserved 1114112K
  class space    used 4000K, committed 4224K, reserved 1048576K
}
Event: 21.175 GC heap after
{Heap after GC invocations=8 (full 0):
 garbage-first heap   total 55296K, used 19032K [0x00000000c2800000, 0x0000000100000000)
  region size 1024K, 3 young (3072K), 3 survivors (3072K)
 Metaspace       used 32264K, committed 32832K, reserved 1114112K
  class space    used 4000K, committed 4224K, reserved 1048576K
}
Event: 22.217 GC heap before
{Heap before GC invocations=8 (full 0):
 garbage-first heap   total 55296K, used 33368K [0x00000000c2800000, 0x0000000100000000)
  region size 1024K, 19 young (19456K), 3 survivors (3072K)
 Metaspace       used 35447K, committed 35968K, reserved 1114112K
  class space    used 4444K, committed 4672K, reserved 1048576K
}
Event: 22.224 GC heap after
{Heap after GC invocations=9 (full 0):
 garbage-first heap   total 55296K, used 20563K [0x00000000c2800000, 0x0000000100000000)
  region size 1024K, 2 young (2048K), 2 survivors (2048K)
 Metaspace       used 35447K, committed 35968K, reserved 1114112K
  class space    used 4444K, committed 4672K, reserved 1048576K
}
Event: 23.908 GC heap before
{Heap before GC invocations=10 (full 0):
 garbage-first heap   total 55296K, used 45139K [0x00000000c2800000, 0x0000000100000000)
  region size 1024K, 27 young (27648K), 2 survivors (2048K)
 Metaspace       used 41798K, committed 42368K, reserved 1114112K
  class space    used 5482K, committed 5760K, reserved 1048576K
}
Event: 23.915 GC heap after
{Heap after GC invocations=11 (full 0):
 garbage-first heap   total 55296K, used 21805K [0x00000000c2800000, 0x0000000100000000)
  region size 1024K, 3 young (3072K), 3 survivors (3072K)
 Metaspace       used 41798K, committed 42368K, reserved 1114112K
  class space    used 5482K, committed 5760K, reserved 1048576K
}
Event: 25.045 GC heap before
{Heap before GC invocations=11 (full 0):
 garbage-first heap   total 55296K, used 46381K [0x00000000c2800000, 0x0000000100000000)
  region size 1024K, 28 young (28672K), 3 survivors (3072K)
 Metaspace       used 49519K, committed 50112K, reserved 1114112K
  class space    used 6550K, committed 6848K, reserved 1048576K
}
Event: 25.055 GC heap after
{Heap after GC invocations=12 (full 0):
 garbage-first heap   total 55296K, used 23192K [0x00000000c2800000, 0x0000000100000000)
  region size 1024K, 3 young (3072K), 3 survivors (3072K)
 Metaspace       used 49519K, committed 50112K, reserved 1114112K
  class space    used 6550K, committed 6848K, reserved 1048576K
}
Event: 26.019 GC heap before
{Heap before GC invocations=12 (full 0):
 garbage-first heap   total 55296K, used 46744K [0x00000000c2800000, 0x0000000100000000)
  region size 1024K, 27 young (27648K), 3 survivors (3072K)
 Metaspace       used 55286K, committed 55872K, reserved 1114112K
  class space    used 7525K, committed 7808K, reserved 1048576K
}
Event: 26.025 GC heap after
{Heap after GC invocations=13 (full 0):
 garbage-first heap   total 55296K, used 24414K [0x00000000c2800000, 0x0000000100000000)
  region size 1024K, 3 young (3072K), 3 survivors (3072K)
 Metaspace       used 55286K, committed 55872K, reserved 1114112K
  class space    used 7525K, committed 7808K, reserved 1048576K
}

