# JRE version: Java(TM) SE Runtime Environment (21.0.4+8) (build 21.0.4+8-LTS-274)
# Java VM: Java HotSpot(TM) 64-Bit Server VM (21.0.4+8-LTS-274, mixed mode, sharing, tiered, compressed oops, compressed class ptrs, g1 gc, windows-amd64)
GC Precious Log:
 CardTable entry size: 512
 Card Set container configuration: InlinePtr #cards 5 size 8 Array Of Cards #cards 12 size 40 Howl #buckets 4 coarsen threshold 1843 Howl Bitmap #cards 512 size 80 coarsen threshold 460 Card regions per heap region 1 cards per card region 2048
 CPUs: 4 total, 4 available
 Memory: 3933M
 Large Page Support: Disabled
 NUMA Support: Disabled
 Compressed Oops: Enabled (32-bit)
 Heap Region Size: 1M
 Heap Min Capacity: 8M
 Heap Initial Capacity: 62M
 Heap Max Capacity: 984M
 Pre-touch: Disabled
 Parallel Workers: 4
 Concurrent Workers: 1
 Concurrent Refinement Workers: 4
 Periodic GC: Disabled
Heap:
 garbage-first heap   total 55296K, used 33470K [0x00000000c2800000, 0x0000000100000000)
  region size 1024K, 7 young (7168K), 3 survivors (3072K)
 Metaspace       used 64900K, committed 65600K, reserved 1114112K
  class space    used 8881K, committed 9152K, reserved 1048576K
GC Heap History (20 events):
Event: 31.981 GC heap before
{Heap before GC invocations=6 (full 0):
 garbage-first heap   total 55296K, used 45145K [0x00000000c2800000, 0x0000000100000000)
  region size 1024K, 32 young (32768K), 2 survivors (2048K)
 Metaspace       used 26449K, committed 26880K, reserved 1114112K
  class space    used 3301K, committed 3520K, reserved 1048576K
}
Event: 31.992 GC heap after
{Heap after GC invocations=7 (full 0):
 garbage-first heap   total 55296K, used 17406K [0x00000000c2800000, 0x0000000100000000)
  region size 1024K, 4 young (4096K), 4 survivors (4096K)
 Metaspace       used 26449K, committed 26880K, reserved 1114112K
  class space    used 3301K, committed 3520K, reserved 1048576K
}
Event: 39.736 GC heap before
{Heap before GC invocations=7 (full 0):
 garbage-first heap   total 55296K, used 43006K [0x00000000c2800000, 0x0000000100000000)
  region size 1024K, 30 young (30720K), 4 survivors (4096K)
 Metaspace       used 32282K, committed 32832K, reserved 1114112K
  class space    used 4000K, committed 4224K, reserved 1048576K
}
Event: 39.750 GC heap after
{Heap after GC invocations=8 (full 0):
 garbage-first heap   total 55296K, used 19612K [0x00000000c2800000, 0x0000000100000000)
  region size 1024K, 3 young (3072K), 3 survivors (3072K)
 Metaspace       used 32282K, committed 32832K, reserved 1114112K
  class space    used 4000K, committed 4224K, reserved 1048576K
}
Event: 41.296 GC heap before
{Heap before GC invocations=8 (full 0):
 garbage-first heap   total 55296K, used 33948K [0x00000000c2800000, 0x0000000100000000)
  region size 1024K, 18 young (18432K), 3 survivors (3072K)
 Metaspace       used 35461K, committed 35968K, reserved 1114112K
  class space    used 4421K, committed 4672K, reserved 1048576K
}
Event: 41.305 GC heap after
{Heap after GC invocations=9 (full 0):
 garbage-first heap   total 55296K, used 20958K [0x00000000c2800000, 0x0000000100000000)
  region size 1024K, 2 young (2048K), 2 survivors (2048K)
 Metaspace       used 35461K, committed 35968K, reserved 1114112K
  class space    used 4421K, committed 4672K, reserved 1048576K
}
Event: 43.538 GC heap before
{Heap before GC invocations=10 (full 0):
 garbage-first heap   total 55296K, used 44510K [0x00000000c2800000, 0x0000000100000000)
  region size 1024K, 26 young (26624K), 2 survivors (2048K)
 Metaspace       used 41561K, committed 42176K, reserved 1114112K
  class space    used 5432K, committed 5696K, reserved 1048576K
}
Event: 43.545 GC heap after
{Heap after GC invocations=11 (full 0):
 garbage-first heap   total 55296K, used 22483K [0x00000000c2800000, 0x0000000100000000)
  region size 1024K, 3 young (3072K), 3 survivors (3072K)
 Metaspace       used 41561K, committed 42176K, reserved 1114112K
  class space    used 5432K, committed 5696K, reserved 1048576K
}
Event: 45.148 GC heap before
{Heap before GC invocations=11 (full 0):
 garbage-first heap   total 55296K, used 46035K [0x00000000c2800000, 0x0000000100000000)
  region size 1024K, 27 young (27648K), 3 survivors (3072K)
 Metaspace       used 48561K, committed 49152K, reserved 1114112K
  class space    used 6436K, committed 6656K, reserved 1048576K
}
Event: 45.157 GC heap after
{Heap after GC invocations=12 (full 0):
 garbage-first heap   total 55296K, used 23204K [0x00000000c2800000, 0x0000000100000000)
  region size 1024K, 3 young (3072K), 3 survivors (3072K)
 Metaspace       used 48561K, committed 49152K, reserved 1114112K
  class space    used 6436K, committed 6656K, reserved 1048576K
}
Event: 47.072 GC heap before
{Heap before GC invocations=12 (full 0):
 garbage-first heap   total 55296K, used 47780K [0x00000000c2800000, 0x0000000100000000)
  region size 1024K, 27 young (27648K), 3 survivors (3072K)
 Metaspace       used 54815K, committed 55488K, reserved 1114112K
  class space    used 7413K, committed 7680K, reserved 1048576K
}
Event: 47.081 GC heap after
{Heap after GC invocations=13 (full 0):
 garbage-first heap   total 55296K, used 24209K [0x00000000c2800000, 0x0000000100000000)
  region size 1024K, 3 young (3072K), 3 survivors (3072K)
 Metaspace       used 54815K, committed 55488K, reserved 1114112K
  class space    used 7413K, committed 7680K, reserved 1048576K
}
Event: 48.725 GC heap before
{Heap before GC invocations=13 (full 0):
 garbage-first heap   total 55296K, used 46737K [0x00000000c2800000, 0x0000000100000000)
  region size 1024K, 25 young (25600K), 3 survivors (3072K)
 Metaspace       used 59449K, committed 60160K, reserved 1114112K
  class space    used 8037K, committed 8384K, reserved 1048576K
}
Event: 48.737 GC heap after
{Heap after GC invocations=14 (full 0):
 garbage-first heap   total 55296K, used 26123K [0x00000000c2800000, 0x0000000100000000)
  region size 1024K, 3 young (3072K), 3 survivors (3072K)
 Metaspace       used 59449K, committed 60160K, reserved 1114112K
  class space    used 8037K, committed 8384K, reserved 1048576K
}
Event: 48.770 GC heap before
{Heap before GC invocations=14 (full 0):
 garbage-first heap   total 55296K, used 26123K [0x00000000c2800000, 0x0000000100000000)
  region size 1024K, 4 young (4096K), 3 survivors (3072K)
 Metaspace       used 59590K, committed 60288K, reserved 1114112K
  class space    used 8049K, committed 8384K, reserved 1048576K
}
Event: 48.779 GC heap after
{Heap after GC invocations=15 (full 0):
 garbage-first heap   total 55296K, used 26457K [0x00000000c2800000, 0x0000000100000000)
  region size 1024K, 1 young (1024K), 1 survivors (1024K)
 Metaspace       used 59590K, committed 60288K, reserved 1114112K
  class space    used 8049K, committed 8384K, reserved 1048576K
}
Event: 50.233 GC heap before
{Heap before GC invocations=16 (full 0):
 garbage-first heap   total 55296K, used 47961K [0x00000000c2800000, 0x0000000100000000)
  region size 1024K, 22 young (22528K), 1 survivors (1024K)
 Metaspace       used 62276K, committed 62976K, reserved 1114112K
  class space    used 8504K, committed 8832K, reserved 1048576K
}
Event: 50.241 GC heap after
{Heap after GC invocations=17 (full 0):
 garbage-first heap   total 55296K, used 28556K [0x00000000c2800000, 0x0000000100000000)
  region size 1024K, 3 young (3072K), 3 survivors (3072K)
 Metaspace       used 62276K, committed 62976K, reserved 1114112K
  class space    used 8504K, committed 8832K, reserved 1048576K
}
Event: 53.158 GC heap before
{Heap before GC invocations=17 (full 0):
 garbage-first heap   total 55296K, used 46988K [0x00000000c2800000, 0x0000000100000000)
  region size 1024K, 21 young (21504K), 3 survivors (3072K)
 Metaspace       used 64462K, committed 65216K, reserved 1114112K
  class space    used 8820K, committed 9152K, reserved 1048576K
}
Event: 53.171 GC heap after
{Heap after GC invocations=18 (full 0):
 garbage-first heap   total 55296K, used 30398K [0x00000000c2800000, 0x0000000100000000)
  region size 1024K, 3 young (3072K), 3 survivors (3072K)
 Metaspace       used 64462K, committed 65216K, reserved 1114112K
  class space    used 8820K, committed 9152K, reserved 1048576K
}

