# JRE version: Java(TM) SE Runtime Environment (21.0.4+8) (build 21.0.4+8-LTS-274)
# Java VM: Java HotSpot(TM) 64-Bit Server VM (21.0.4+8-LTS-274, mixed mode, sharing, tiered, compressed oops, compressed class ptrs, g1 gc, windows-amd64)
GC Precious Log:
 CardTable entry size: 512
 Card Set container configuration: InlinePtr #cards 5 size 8 Array Of Cards #cards 12 size 40 Howl #buckets 4 coarsen threshold 1843 Howl Bitmap #cards 512 size 80 coarsen threshold 460 Card regions per heap region 1 cards per card region 2048
 CPUs: 4 total, 4 available
 Memory: 3933M
 Large Page Support: Disabled
 NUMA Support: Disabled
 Compressed Oops: Enabled (32-bit)
 Heap Region Size: 1M
 Heap Min Capacity: 8M
 Heap Initial Capacity: 62M
 Heap Max Capacity: 984M
 Pre-touch: Disabled
 Parallel Workers: 4
 Concurrent Workers: 1
 Concurrent Refinement Workers: 4
 Periodic GC: Disabled
Heap:
 garbage-first heap   total 58368K, used 33552K [0x00000000c2800000, 0x0000000100000000)
  region size 1024K, 3 young (3072K), 2 survivors (2048K)
 Metaspace       used 72273K, committed 73024K, reserved 1114112K
  class space    used 10015K, committed 10368K, reserved 1048576K
GC Heap History (20 events):
Event: 13.161 GC heap before
{Heap before GC invocations=8 (full 0):
 garbage-first heap   total 55296K, used 33646K [0x00000000c2800000, 0x0000000100000000)
  region size 1024K, 19 young (19456K), 3 survivors (3072K)
 Metaspace       used 35465K, committed 35968K, reserved 1114112K
  class space    used 4424K, committed 4672K, reserved 1048576K
}
Event: 13.169 GC heap after
{Heap after GC invocations=9 (full 0):
 garbage-first heap   total 55296K, used 20623K [0x00000000c2800000, 0x0000000100000000)
  region size 1024K, 2 young (2048K), 2 survivors (2048K)
 Metaspace       used 35465K, committed 35968K, reserved 1114112K
  class space    used 4424K, committed 4672K, reserved 1048576K
}
Event: 14.919 GC heap before
{Heap before GC invocations=10 (full 0):
 garbage-first heap   total 55296K, used 45199K [0x00000000c2800000, 0x0000000100000000)
  region size 1024K, 27 young (27648K), 2 survivors (2048K)
 Metaspace       used 41851K, committed 42432K, reserved 1114112K
  class space    used 5476K, committed 5760K, reserved 1048576K
}
Event: 14.928 GC heap after
{Heap after GC invocations=11 (full 0):
 garbage-first heap   total 55296K, used 22100K [0x00000000c2800000, 0x0000000100000000)
  region size 1024K, 3 young (3072K), 3 survivors (3072K)
 Metaspace       used 41851K, committed 42432K, reserved 1114112K
  class space    used 5476K, committed 5760K, reserved 1048576K
}
Event: 16.542 GC heap before
{Heap before GC invocations=11 (full 0):
 garbage-first heap   total 55296K, used 46676K [0x00000000c2800000, 0x0000000100000000)
  region size 1024K, 28 young (28672K), 3 survivors (3072K)
 Metaspace       used 49492K, committed 50048K, reserved 1114112K
  class space    used 6546K, committed 6784K, reserved 1048576K
}
Event: 16.555 GC heap after
{Heap after GC invocations=12 (full 0):
 garbage-first heap   total 55296K, used 23013K [0x00000000c2800000, 0x0000000100000000)
  region size 1024K, 3 young (3072K), 3 survivors (3072K)
 Metaspace       used 49492K, committed 50048K, reserved 1114112K
  class space    used 6546K, committed 6784K, reserved 1048576K
}
Event: 18.554 GC heap before
{Heap before GC invocations=12 (full 0):
 garbage-first heap   total 55296K, used 46565K [0x00000000c2800000, 0x0000000100000000)
  region size 1024K, 27 young (27648K), 3 survivors (3072K)
 Metaspace       used 54956K, committed 55552K, reserved 1114112K
  class space    used 7428K, committed 7680K, reserved 1048576K
}
Event: 18.565 GC heap after
{Heap after GC invocations=13 (full 0):
 garbage-first heap   total 55296K, used 24085K [0x00000000c2800000, 0x0000000100000000)
  region size 1024K, 3 young (3072K), 3 survivors (3072K)
 Metaspace       used 54956K, committed 55552K, reserved 1114112K
  class space    used 7428K, committed 7680K, reserved 1048576K
}
Event: 20.073 GC heap before
{Heap before GC invocations=13 (full 0):
 garbage-first heap   total 55296K, used 44565K [0x00000000c2800000, 0x0000000100000000)
  region size 1024K, 25 young (25600K), 3 survivors (3072K)
 Metaspace       used 59819K, committed 60416K, reserved 1114112K
  class space    used 8093K, committed 8384K, reserved 1048576K
}
Event: 20.087 GC heap after
{Heap after GC invocations=14 (full 0):
 garbage-first heap   total 55296K, used 26559K [0x00000000c2800000, 0x0000000100000000)
  region size 1024K, 4 young (4096K), 4 survivors (4096K)
 Metaspace       used 59819K, committed 60416K, reserved 1114112K
  class space    used 8093K, committed 8384K, reserved 1048576K
}
Event: 20.872 GC heap before
{Heap before GC invocations=15 (full 0):
 garbage-first heap   total 55296K, used 46015K [0x00000000c2800000, 0x0000000100000000)
  region size 1024K, 23 young (23552K), 4 survivors (4096K)
 Metaspace       used 61686K, committed 62400K, reserved 1114112K
  class space    used 8576K, committed 8896K, reserved 1048576K
}
Event: 20.886 GC heap after
{Heap after GC invocations=16 (full 0):
 garbage-first heap   total 55296K, used 27952K [0x00000000c2800000, 0x0000000100000000)
  region size 1024K, 2 young (2048K), 2 survivors (2048K)
 Metaspace       used 61686K, committed 62400K, reserved 1114112K
  class space    used 8576K, committed 8896K, reserved 1048576K
}
Event: 22.144 GC heap before
{Heap before GC invocations=16 (full 0):
 garbage-first heap   total 55296K, used 47408K [0x00000000c2800000, 0x0000000100000000)
  region size 1024K, 22 young (22528K), 2 survivors (2048K)
 Metaspace       used 65127K, committed 65792K, reserved 1114112K
  class space    used 9035K, committed 9344K, reserved 1048576K
}
Event: 22.158 GC heap after
{Heap after GC invocations=17 (full 0):
 garbage-first heap   total 55296K, used 29424K [0x00000000c2800000, 0x0000000100000000)
  region size 1024K, 2 young (2048K), 2 survivors (2048K)
 Metaspace       used 65127K, committed 65792K, reserved 1114112K
  class space    used 9035K, committed 9344K, reserved 1048576K
}
Event: 23.031 GC heap before
{Heap before GC invocations=17 (full 0):
 garbage-first heap   total 55296K, used 48880K [0x00000000c2800000, 0x0000000100000000)
  region size 1024K, 21 young (21504K), 2 survivors (2048K)
 Metaspace       used 67352K, committed 68032K, reserved 1114112K
  class space    used 9356K, committed 9664K, reserved 1048576K
}
Event: 23.042 GC heap after
{Heap after GC invocations=18 (full 0):
 garbage-first heap   total 55296K, used 32048K [0x00000000c2800000, 0x0000000100000000)
  region size 1024K, 3 young (3072K), 3 survivors (3072K)
 Metaspace       used 67352K, committed 68032K, reserved 1114112K
  class space    used 9356K, committed 9664K, reserved 1048576K
}
Event: 35.349 GC heap before
{Heap before GC invocations=19 (full 0):
 garbage-first heap   total 58368K, used 47408K [0x00000000c2800000, 0x0000000100000000)
  region size 1024K, 18 young (18432K), 3 survivors (3072K)
 Metaspace       used 70842K, committed 71552K, reserved 1114112K
  class space    used 9846K, committed 10176K, reserved 1048576K
}
Event: 35.361 GC heap after
{Heap after GC invocations=20 (full 0):
 garbage-first heap   total 58368K, used 33470K [0x00000000c2800000, 0x0000000100000000)
  region size 1024K, 2 young (2048K), 2 survivors (2048K)
 Metaspace       used 70842K, committed 71552K, reserved 1114112K
  class space    used 9846K, committed 10176K, reserved 1048576K
}
Event: 217.888 GC heap before
{Heap before GC invocations=20 (full 0):
 garbage-first heap   total 58368K, used 49854K [0x00000000c2800000, 0x0000000100000000)
  region size 1024K, 19 young (19456K), 2 survivors (2048K)
 Metaspace       used 72261K, committed 73024K, reserved 1114112K
  class space    used 10015K, committed 10368K, reserved 1048576K
}
Event: 218.049 GC heap after
{Heap after GC invocations=21 (full 0):
 garbage-first heap   total 58368K, used 33552K [0x00000000c2800000, 0x0000000100000000)
  region size 1024K, 2 young (2048K), 2 survivors (2048K)
 Metaspace       used 72261K, committed 73024K, reserved 1114112K
  class space    used 10015K, committed 10368K, reserved 1048576K
}

