# JRE version: Java(TM) SE Runtime Environment (21.0.4+8) (build 21.0.4+8-LTS-274)
# Java VM: Java HotSpot(TM) 64-Bit Server VM (21.0.4+8-LTS-274, mixed mode, sharing, tiered, compressed oops, compressed class ptrs, g1 gc, windows-amd64)
GC Precious Log:
 CardTable entry size: 512
 Card Set container configuration: InlinePtr #cards 5 size 8 Array Of Cards #cards 12 size 40 Howl #buckets 4 coarsen threshold 1843 Howl Bitmap #cards 512 size 80 coarsen threshold 460 Card regions per heap region 1 cards per card region 2048
 CPUs: 4 total, 4 available
 Memory: 3933M
 Large Page Support: Disabled
 NUMA Support: Disabled
 Compressed Oops: Enabled (32-bit)
 Heap Region Size: 1M
 Heap Min Capacity: 8M
 Heap Initial Capacity: 62M
 Heap Max Capacity: 984M
 Pre-touch: Disabled
 Parallel Workers: 4
 Concurrent Workers: 1
 Concurrent Refinement Workers: 4
 Periodic GC: Disabled
Heap:
 garbage-first heap   total 55296K, used 34380K [0x00000000c2800000, 0x0000000100000000)
  region size 1024K, 17 young (17408K), 3 survivors (3072K)
 Metaspace       used 45027K, committed 45632K, reserved 1114112K
  class space    used 5874K, committed 6144K, reserved 1048576K
GC Heap History (18 events):
Event: 1.336 GC heap before
{Heap before GC invocations=0 (full 0):
 garbage-first heap   total 63488K, used 14336K [0x00000000c2800000, 0x0000000100000000)
  region size 1024K, 13 young (13312K), 0 survivors (0K)
 Metaspace       used 3476K, committed 3648K, reserved 1114112K
  class space    used 326K, committed 384K, reserved 1048576K
}
Event: 1.349 GC heap after
{Heap after GC invocations=1 (full 0):
 garbage-first heap   total 63488K, used 6592K [0x00000000c2800000, 0x0000000100000000)
  region size 1024K, 2 young (2048K), 2 survivors (2048K)
 Metaspace       used 3476K, committed 3648K, reserved 1114112K
  class space    used 326K, committed 384K, reserved 1048576K
}
Event: 2.113 GC heap before
{Heap before GC invocations=1 (full 0):
 garbage-first heap   total 63488K, used 18880K [0x00000000c2800000, 0x0000000100000000)
  region size 1024K, 14 young (14336K), 2 survivors (2048K)
 Metaspace       used 6381K, committed 6528K, reserved 1114112K
  class space    used 711K, committed 768K, reserved 1048576K
}
Event: 2.117 GC heap after
{Heap after GC invocations=2 (full 0):
 garbage-first heap   total 63488K, used 7732K [0x00000000c2800000, 0x0000000100000000)
  region size 1024K, 1 young (1024K), 1 survivors (1024K)
 Metaspace       used 6381K, committed 6528K, reserved 1114112K
  class space    used 711K, committed 768K, reserved 1048576K
}
Event: 3.914 GC heap before
{Heap before GC invocations=2 (full 0):
 garbage-first heap   total 63488K, used 34356K [0x00000000c2800000, 0x0000000100000000)
  region size 1024K, 28 young (28672K), 1 survivors (1024K)
 Metaspace       used 13993K, committed 14208K, reserved 1114112K
  class space    used 1634K, committed 1728K, reserved 1048576K
}
Event: 3.922 GC heap after
{Heap after GC invocations=3 (full 0):
 garbage-first heap   total 63488K, used 10320K [0x00000000c2800000, 0x0000000100000000)
  region size 1024K, 4 young (4096K), 4 survivors (4096K)
 Metaspace       used 13993K, committed 14208K, reserved 1114112K
  class space    used 1634K, committed 1728K, reserved 1048576K
}
Event: 6.462 GC heap before
{Heap before GC invocations=3 (full 0):
 garbage-first heap   total 63488K, used 42064K [0x00000000c2800000, 0x0000000100000000)
  region size 1024K, 36 young (36864K), 4 survivors (4096K)
 Metaspace       used 19591K, committed 19904K, reserved 1114112K
  class space    used 2345K, committed 2496K, reserved 1048576K
}
Event: 6.473 GC heap after
{Heap after GC invocations=4 (full 0):
 garbage-first heap   total 63488K, used 13214K [0x00000000c2800000, 0x0000000100000000)
  region size 1024K, 5 young (5120K), 5 survivors (5120K)
 Metaspace       used 19591K, committed 19904K, reserved 1114112K
  class space    used 2345K, committed 2496K, reserved 1048576K
}
Event: 7.528 GC heap before
{Heap before GC invocations=4 (full 0):
 garbage-first heap   total 63488K, used 27550K [0x00000000c2800000, 0x0000000100000000)
  region size 1024K, 20 young (20480K), 5 survivors (5120K)
 Metaspace       used 21233K, committed 21504K, reserved 1114112K
  class space    used 2535K, committed 2688K, reserved 1048576K
}
Event: 7.537 GC heap after
{Heap after GC invocations=5 (full 0):
 garbage-first heap   total 63488K, used 14534K [0x00000000c2800000, 0x0000000100000000)
  region size 1024K, 2 young (2048K), 2 survivors (2048K)
 Metaspace       used 21233K, committed 21504K, reserved 1114112K
  class space    used 2535K, committed 2688K, reserved 1048576K
}
Event: 9.228 GC heap before
{Heap before GC invocations=6 (full 0):
 garbage-first heap   total 55296K, used 45254K [0x00000000c2800000, 0x0000000100000000)
  region size 1024K, 32 young (32768K), 2 survivors (2048K)
 Metaspace       used 26452K, committed 26944K, reserved 1114112K
  class space    used 3300K, committed 3520K, reserved 1048576K
}
Event: 9.243 GC heap after
{Heap after GC invocations=7 (full 0):
 garbage-first heap   total 55296K, used 17172K [0x00000000c2800000, 0x0000000100000000)
  region size 1024K, 4 young (4096K), 4 survivors (4096K)
 Metaspace       used 26452K, committed 26944K, reserved 1114112K
  class space    used 3300K, committed 3520K, reserved 1048576K
}
Event: 11.409 GC heap before
{Heap before GC invocations=7 (full 0):
 garbage-first heap   total 55296K, used 44820K [0x00000000c2800000, 0x0000000100000000)
  region size 1024K, 31 young (31744K), 4 survivors (4096K)
 Metaspace       used 32366K, committed 32896K, reserved 1114112K
  class space    used 4015K, committed 4224K, reserved 1048576K
}
Event: 11.421 GC heap after
{Heap after GC invocations=8 (full 0):
 garbage-first heap   total 55296K, used 19376K [0x00000000c2800000, 0x0000000100000000)
  region size 1024K, 3 young (3072K), 3 survivors (3072K)
 Metaspace       used 32366K, committed 32896K, reserved 1114112K
  class space    used 4015K, committed 4224K, reserved 1048576K
}
Event: 12.226 GC heap before
{Heap before GC invocations=8 (full 0):
 garbage-first heap   total 55296K, used 32688K [0x00000000c2800000, 0x0000000100000000)
  region size 1024K, 18 young (18432K), 3 survivors (3072K)
 Metaspace       used 35580K, committed 36096K, reserved 1114112K
  class space    used 4460K, committed 4672K, reserved 1048576K
}
Event: 12.233 GC heap after
{Heap after GC invocations=9 (full 0):
 garbage-first heap   total 55296K, used 20757K [0x00000000c2800000, 0x0000000100000000)
  region size 1024K, 2 young (2048K), 2 survivors (2048K)
 Metaspace       used 35580K, committed 36096K, reserved 1114112K
  class space    used 4460K, committed 4672K, reserved 1048576K
}
Event: 13.639 GC heap before
{Heap before GC invocations=10 (full 0):
 garbage-first heap   total 55296K, used 45333K [0x00000000c2800000, 0x0000000100000000)
  region size 1024K, 27 young (27648K), 2 survivors (2048K)
 Metaspace       used 41820K, committed 42368K, reserved 1114112K
  class space    used 5483K, committed 5760K, reserved 1048576K
}
Event: 13.645 GC heap after
{Heap after GC invocations=11 (full 0):
 garbage-first heap   total 55296K, used 22092K [0x00000000c2800000, 0x0000000100000000)
  region size 1024K, 3 young (3072K), 3 survivors (3072K)
 Metaspace       used 41820K, committed 42368K, reserved 1114112K
  class space    used 5483K, committed 5760K, reserved 1048576K
}

