# JRE version: Java(TM) SE Runtime Environment (21.0.4+8) (build 21.0.4+8-LTS-274)
# Java VM: Java HotSpot(TM) 64-Bit Server VM (21.0.4+8-LTS-274, mixed mode, sharing, tiered, compressed oops, compressed class ptrs, g1 gc, windows-amd64)
GC Precious Log:
 CardTable entry size: 512
 Card Set container configuration: InlinePtr #cards 5 size 8 Array Of Cards #cards 12 size 40 Howl #buckets 4 coarsen threshold 1843 Howl Bitmap #cards 512 size 80 coarsen threshold 460 Card regions per heap region 1 cards per card region 2048
 CPUs: 4 total, 4 available
 Memory: 3933M
 Large Page Support: Disabled
 NUMA Support: Disabled
 Compressed Oops: Enabled (32-bit)
 Heap Region Size: 1M
 Heap Min Capacity: 8M
 Heap Initial Capacity: 62M
 Heap Max Capacity: 984M
 Pre-touch: Disabled
 Parallel Workers: 4
 Concurrent Workers: 1
 Concurrent Refinement Workers: 4
 Periodic GC: Disabled
Heap:
 garbage-first heap   total 51200K, used 20480K [0x00000000c2800000, 0x0000000100000000)
  region size 1024K, 6 young (6144K), 4 survivors (4096K)
 Metaspace       used 35649K, committed 36224K, reserved 1114112K
  class space    used 4457K, committed 4736K, reserved 1048576K
GC Heap History (14 events):
Event: 1.645 GC heap before
{Heap before GC invocations=0 (full 0):
 garbage-first heap   total 63488K, used 14336K [0x00000000c2800000, 0x0000000100000000)
  region size 1024K, 13 young (13312K), 0 survivors (0K)
 Metaspace       used 3440K, committed 3648K, reserved 1114112K
  class space    used 321K, committed 384K, reserved 1048576K
}
Event: 1.656 GC heap after
{Heap after GC invocations=1 (full 0):
 garbage-first heap   total 63488K, used 6976K [0x00000000c2800000, 0x0000000100000000)
  region size 1024K, 2 young (2048K), 2 survivors (2048K)
 Metaspace       used 3440K, committed 3648K, reserved 1114112K
  class space    used 321K, committed 384K, reserved 1048576K
}
Event: 2.496 GC heap before
{Heap before GC invocations=1 (full 0):
 garbage-first heap   total 63488K, used 17216K [0x00000000c2800000, 0x0000000100000000)
  region size 1024K, 13 young (13312K), 2 survivors (2048K)
 Metaspace       used 6067K, committed 6336K, reserved 1114112K
  class space    used 672K, committed 768K, reserved 1048576K
}
Event: 2.501 GC heap after
{Heap after GC invocations=2 (full 0):
 garbage-first heap   total 63488K, used 7540K [0x00000000c2800000, 0x0000000100000000)
  region size 1024K, 1 young (1024K), 1 survivors (1024K)
 Metaspace       used 6067K, committed 6336K, reserved 1114112K
  class space    used 672K, committed 768K, reserved 1048576K
}
Event: 5.362 GC heap before
{Heap before GC invocations=2 (full 0):
 garbage-first heap   total 63488K, used 34164K [0x00000000c2800000, 0x0000000100000000)
  region size 1024K, 28 young (28672K), 1 survivors (1024K)
 Metaspace       used 13533K, committed 13760K, reserved 1114112K
  class space    used 1576K, committed 1664K, reserved 1048576K
}
Event: 5.373 GC heap after
{Heap after GC invocations=3 (full 0):
 garbage-first heap   total 63488K, used 10152K [0x00000000c2800000, 0x0000000100000000)
  region size 1024K, 4 young (4096K), 4 survivors (4096K)
 Metaspace       used 13533K, committed 13760K, reserved 1114112K
  class space    used 1576K, committed 1664K, reserved 1048576K
}
Event: 8.910 GC heap before
{Heap before GC invocations=3 (full 0):
 garbage-first heap   total 63488K, used 41896K [0x00000000c2800000, 0x0000000100000000)
  region size 1024K, 36 young (36864K), 4 survivors (4096K)
 Metaspace       used 19622K, committed 19968K, reserved 1114112K
  class space    used 2348K, committed 2496K, reserved 1048576K
}
Event: 8.928 GC heap after
{Heap after GC invocations=4 (full 0):
 garbage-first heap   total 63488K, used 13126K [0x00000000c2800000, 0x0000000100000000)
  region size 1024K, 5 young (5120K), 5 survivors (5120K)
 Metaspace       used 19622K, committed 19968K, reserved 1114112K
  class space    used 2348K, committed 2496K, reserved 1048576K
}
Event: 10.815 GC heap before
{Heap before GC invocations=4 (full 0):
 garbage-first heap   total 63488K, used 25414K [0x00000000c2800000, 0x0000000100000000)
  region size 1024K, 19 young (19456K), 5 survivors (5120K)
 Metaspace       used 21165K, committed 21504K, reserved 1114112K
  class space    used 2530K, committed 2688K, reserved 1048576K
}
Event: 10.831 GC heap after
{Heap after GC invocations=5 (full 0):
 garbage-first heap   total 63488K, used 14175K [0x00000000c2800000, 0x0000000100000000)
  region size 1024K, 2 young (2048K), 2 survivors (2048K)
 Metaspace       used 21165K, committed 21504K, reserved 1114112K
  class space    used 2530K, committed 2688K, reserved 1048576K
}
Event: 13.799 GC heap before
{Heap before GC invocations=6 (full 0):
 garbage-first heap   total 51200K, used 42847K [0x00000000c2800000, 0x0000000100000000)
  region size 1024K, 30 young (30720K), 2 survivors (2048K)
 Metaspace       used 26100K, committed 26560K, reserved 1114112K
  class space    used 3251K, committed 3456K, reserved 1048576K
}
Event: 13.809 GC heap after
{Heap after GC invocations=7 (full 0):
 garbage-first heap   total 51200K, used 16691K [0x00000000c2800000, 0x0000000100000000)
  region size 1024K, 4 young (4096K), 4 survivors (4096K)
 Metaspace       used 26100K, committed 26560K, reserved 1114112K
  class space    used 3251K, committed 3456K, reserved 1048576K
}
Event: 16.529 GC heap before
{Heap before GC invocations=7 (full 0):
 garbage-first heap   total 51200K, used 39219K [0x00000000c2800000, 0x0000000100000000)
  region size 1024K, 27 young (27648K), 4 survivors (4096K)
 Metaspace       used 30248K, committed 30848K, reserved 1114112K
  class space    used 3772K, committed 4032K, reserved 1048576K
}
Event: 16.545 GC heap after
{Heap after GC invocations=8 (full 0):
 garbage-first heap   total 51200K, used 18565K [0x00000000c2800000, 0x0000000100000000)
  region size 1024K, 3 young (3072K), 3 survivors (3072K)
 Metaspace       used 30248K, committed 30848K, reserved 1114112K
  class space    used 3772K, committed 4032K, reserved 1048576K
}

